============================================================
  Generated by:           Encounter(R) RTL Compiler RC14.13 - v14.10-s027_1
  Generated on:           Nov 17 2021  10:25:04 am
  Module:                 level_fsm
  Technology library:     slow_vdd1v0 1.0
  Operating conditions:   PVT_0P9V_125C (balanced_tree)
  Wireload mode:          enclosed
  Area mode:              timing library
============================================================

                              
   Gate    Instances   Area       Library    
---------------------------------------------
AND2X1             1    1.368    slow_vdd1v0 
AND4X1             1    2.394    slow_vdd1v0 
AOI211XL           1    2.052    slow_vdd1v0 
AOI21X1            1    1.710    slow_vdd1v0 
AOI22X1            9   18.468    slow_vdd1v0 
AOI32X1            3    7.182    slow_vdd1v0 
AOI33XL            2    4.788    slow_vdd1v0 
DFFHQX1           15   82.080    slow_vdd1v0 
DFFQXL            12   65.664    slow_vdd1v0 
INVX1             14    9.576    slow_vdd1v0 
INVXL              1    0.684    slow_vdd1v0 
NAND2BX1           4    5.472    slow_vdd1v0 
NAND2X1           12   12.312    slow_vdd1v0 
NAND2XL            3    3.078    slow_vdd1v0 
NAND3BXL           5    8.550    slow_vdd1v0 
NAND3X1            1    1.710    slow_vdd1v0 
NAND4XL            5    8.550    slow_vdd1v0 
NOR2BX1            6    8.208    slow_vdd1v0 
NOR2X1            25   25.650    slow_vdd1v0 
NOR2XL             1    1.026    slow_vdd1v0 
NOR3X1             2    3.420    slow_vdd1v0 
NOR3XL             1    1.710    slow_vdd1v0 
OAI211X1           2    3.420    slow_vdd1v0 
OAI21X1            1    1.710    slow_vdd1v0 
OAI2BB1X1          8   13.680    slow_vdd1v0 
OAI31X1            3    6.156    slow_vdd1v0 
OAI33X1            2    5.472    slow_vdd1v0 
OR3XL              1    2.052    slow_vdd1v0 
OR4X1              4    8.208    slow_vdd1v0 
TIELO              1    1.026    slow_vdd1v0 
---------------------------------------------
total            147  317.376                


                                    
   Type    Instances   Area  Area % 
------------------------------------
sequential        27 147.744   46.6 
inverter          15  10.260    3.2 
logic            105 159.372   50.2 
------------------------------------
total            147 317.376  100.0 

