============================================================
  Generated by:           Encounter(R) RTL Compiler RC14.13 - v14.10-s027_1
  Generated on:           Oct 10 2021  09:48:55 pm
  Module:                 level_fsm
  Technology library:     NanGate_15nm_OCL revision 1.0
  Operating conditions:   worst_low (balanced_tree)
  Wireload mode:          enclosed
  Area mode:              timing library
============================================================

                             
   Gate    Instances   Area        Library       
-------------------------------------------------
AOI21_X1           7   2.064    NanGate_15nm_OCL 
AOI22_X1          11   3.785    NanGate_15nm_OCL 
DFFRNQ_X1          8  10.224    NanGate_15nm_OCL 
DFFSNQ_X1         19  24.281    NanGate_15nm_OCL 
INV_X1            36   5.308    NanGate_15nm_OCL 
NAND2_X1          24   4.719    NanGate_15nm_OCL 
NAND3_X1           6   1.769    NanGate_15nm_OCL 
NAND4_X1           2   0.688    NanGate_15nm_OCL 
NOR2_X1           29   5.702    NanGate_15nm_OCL 
NOR3_X1            7   2.064    NanGate_15nm_OCL 
NOR4_X1            6   2.064    NanGate_15nm_OCL 
OAI21_X1           4   1.180    NanGate_15nm_OCL 
OAI22_X1           9   3.097    NanGate_15nm_OCL 
OR4_X1             2   0.885    NanGate_15nm_OCL 
-------------------------------------------------
total            170  67.830                     


                                   
   Type    Instances  Area  Area % 
-----------------------------------
sequential        27 34.505   50.9 
inverter          36  5.308    7.8 
logic            107 28.017   41.3 
-----------------------------------
total            170 67.830  100.0 

