
///////////////////////////////////
// Efinity Synthesis Started 
// Sep 18, 2021 21:56:51
///////////////////////////////////


///////////////////////////////////
// Efinity Synthesis Started 
// Sep 18, 2021 22:24:42
///////////////////////////////////


///////////////////////////////////
// Efinity Synthesis Started 
// Sep 18, 2021 22:24:49
///////////////////////////////////


///////////////////////////////////
// Efinity Synthesis Started 
// Sep 18, 2021 22:26:21
///////////////////////////////////


///////////////////////////////////
// Efinity Synthesis Started 
// Sep 18, 2021 22:27:14
///////////////////////////////////


///////////////////////////////////
// Efinity Synthesis Started 
// Sep 18, 2021 22:30:08
///////////////////////////////////


///////////////////////////////////
// Efinity Synthesis Started 
// Sep 18, 2021 22:56:57
///////////////////////////////////


///////////////////////////////////
// Efinity Synthesis Started 
// Sep 18, 2021 22:59:20
///////////////////////////////////


///////////////////////////////////
// Efinity Synthesis Started 
// Sep 18, 2021 23:06:46
///////////////////////////////////


///////////////////////////////////
// Efinity Synthesis Started 
// Sep 18, 2021 23:09:05
///////////////////////////////////


///////////////////////////////////
// Efinity Synthesis Started 
// Sep 18, 2021 23:16:09
///////////////////////////////////


///////////////////////////////////
// Efinity Synthesis Started 
// Sep 18, 2021 23:16:49
///////////////////////////////////


///////////////////////////////////
// Efinity Synthesis Started 
// Sep 18, 2021 23:19:52
///////////////////////////////////


///////////////////////////////////
// Efinity Synthesis Started 
// Sep 18, 2021 23:20:07
///////////////////////////////////


///////////////////////////////////
// Efinity Synthesis Started 
// Sep 18, 2021 23:22:03
///////////////////////////////////


///////////////////////////////////
// Efinity Synthesis Started 
// Sep 18, 2021 23:22:23
///////////////////////////////////


///////////////////////////////////
// Efinity Synthesis Started 
// Sep 18, 2021 23:22:48
///////////////////////////////////


///////////////////////////////////
// Efinity Synthesis Started 
// Sep 24, 2021 20:03:58
///////////////////////////////////


///////////////////////////////////
// Efinity Synthesis Started 
// Sep 24, 2021 20:05:12
///////////////////////////////////


///////////////////////////////////
// Efinity Synthesis Started 
// Sep 24, 2021 20:06:34
///////////////////////////////////


///////////////////////////////////
// Efinity Synthesis Started 
// Sep 24, 2021 20:07:58
///////////////////////////////////


///////////////////////////////////
// Efinity Synthesis Started 
// Sep 24, 2021 20:08:36
///////////////////////////////////


///////////////////////////////////
// Efinity Synthesis Started 
// Sep 24, 2021 20:09:00
///////////////////////////////////


///////////////////////////////////
// Efinity Synthesis Started 
// Sep 24, 2021 20:10:32
///////////////////////////////////


///////////////////////////////////
// Efinity Synthesis Started 
// Sep 24, 2021 20:12:34
///////////////////////////////////


///////////////////////////////////
// Efinity Synthesis Started 
// Sep 24, 2021 20:12:55
///////////////////////////////////


///////////////////////////////////
// Efinity Synthesis Started 
// Sep 24, 2021 20:13:31
///////////////////////////////////


///////////////////////////////////
// Efinity Synthesis Started 
// Sep 24, 2021 20:13:56
///////////////////////////////////


///////////////////////////////////
// Efinity Synthesis Started 
// Sep 24, 2021 20:29:51
///////////////////////////////////


///////////////////////////////////
// Efinity Synthesis Started 
// Sep 24, 2021 20:32:07
///////////////////////////////////


///////////////////////////////////
// Efinity Synthesis Started 
// Sep 24, 2021 20:32:36
///////////////////////////////////


///////////////////////////////////
// Efinity Synthesis Started 
// Sep 24, 2021 20:39:04
///////////////////////////////////


///////////////////////////////////
// Efinity Synthesis Started 
// Sep 24, 2021 20:47:43
///////////////////////////////////


///////////////////////////////////
// Efinity Synthesis Started 
// Sep 24, 2021 20:48:28
///////////////////////////////////


///////////////////////////////////
// Efinity Synthesis Started 
// Sep 24, 2021 20:51:36
///////////////////////////////////

[EFX-0010 VERI-ERROR] (/home/vlad/Documents/level_project/level.sv:32) procedural assignment to a non-register 'error_led_o' is not permitted (VERI-1100)
[EFX-0010 VERI-ERROR] (/home/vlad/Documents/level_project/level.sv:86) module 'levelmodule' ignored due to previous errors (VERI-1072)

///////////////////////////////////
// Efinity Synthesis Started 
// Sep 24, 2021 20:52:33
///////////////////////////////////


///////////////////////////////////
// Efinity Synthesis Started 
// Sep 24, 2021 20:56:32
///////////////////////////////////

[EFX-0010 VERI-ERROR] (/home/vlad/Documents/level_project/level.sv:49) extra comma in port association list is not allowed (VERI-2523)
[EFX-0010 VERI-ERROR] (/home/vlad/Documents/level_project/level.sv:85) module 'levelmodule' ignored due to previous errors (VERI-1072)

///////////////////////////////////
// Efinity Synthesis Started 
// Sep 24, 2021 20:56:55
///////////////////////////////////


///////////////////////////////////
// Efinity Synthesis Started 
// Sep 24, 2021 21:02:01
///////////////////////////////////


///////////////////////////////////
// Efinity Synthesis Started 
// Sep 24, 2021 21:14:22
///////////////////////////////////


///////////////////////////////////
// Efinity Synthesis Started 
// Sep 25, 2021 17:24:01
///////////////////////////////////


///////////////////////////////////
// Efinity Synthesis Started 
// Sep 25, 2021 17:24:18
///////////////////////////////////


///////////////////////////////////
// Efinity Synthesis Started 
// Sep 25, 2021 17:28:14
///////////////////////////////////


///////////////////////////////////
// Efinity Synthesis Started 
// Sep 25, 2021 17:31:14
///////////////////////////////////


///////////////////////////////////
// Efinity Synthesis Started 
// Sep 25, 2021 17:31:29
///////////////////////////////////


///////////////////////////////////
// Efinity Synthesis Started 
// Sep 25, 2021 17:34:35
///////////////////////////////////

[EFX-0010 VERI-ERROR] (/home/vlad/Documents/level_project/level.sv:47) syntax error near '.' (VERI-1137)
[EFX-0010 VERI-ERROR] (/home/vlad/Documents/level_project/level.sv:82) module 'levelmodule' ignored due to previous errors (VERI-1072)

///////////////////////////////////
// Efinity Synthesis Started 
// Sep 25, 2021 17:34:55
///////////////////////////////////

[EFX-0021 ERROR] Verific elaboration of module  'level' failed.

///////////////////////////////////
// Efinity Synthesis Started 
// Sep 25, 2021 17:35:11
///////////////////////////////////

[EFX-0021 ERROR] Verific elaboration of module  'level' failed.

///////////////////////////////////
// Efinity Synthesis Started 
// Sep 25, 2021 17:38:16
///////////////////////////////////

[EFX-0021 ERROR] Verific elaboration of module  'level' failed.

///////////////////////////////////
// Efinity Synthesis Started 
// Sep 25, 2021 17:39:13
///////////////////////////////////


///////////////////////////////////
// Efinity Synthesis Started 
// Sep 25, 2021 17:44:58
///////////////////////////////////


///////////////////////////////////
// Efinity Synthesis Started 
// Sep 25, 2021 17:45:08
///////////////////////////////////


///////////////////////////////////
// Efinity Synthesis Started 
// Sep 25, 2021 17:53:05
///////////////////////////////////


///////////////////////////////////
// Efinity Synthesis Started 
// Sep 25, 2021 17:56:06
///////////////////////////////////


///////////////////////////////////
// Efinity Synthesis Started 
// Sep 25, 2021 17:59:40
///////////////////////////////////


///////////////////////////////////
// Efinity Synthesis Started 
// Sep 25, 2021 18:04:01
///////////////////////////////////


///////////////////////////////////
// Efinity Synthesis Started 
// Sep 25, 2021 18:09:06
///////////////////////////////////


///////////////////////////////////
// Efinity Synthesis Started 
// Sep 25, 2021 18:15:01
///////////////////////////////////


///////////////////////////////////
// Efinity Synthesis Started 
// Sep 25, 2021 18:23:47
///////////////////////////////////


///////////////////////////////////
// Efinity Synthesis Started 
// Sep 25, 2021 18:27:30
///////////////////////////////////


///////////////////////////////////
// Efinity Synthesis Started 
// Sep 25, 2021 18:28:21
///////////////////////////////////


///////////////////////////////////
// Efinity Synthesis Started 
// Sep 25, 2021 18:29:09
///////////////////////////////////


///////////////////////////////////
// Efinity Synthesis Started 
// Sep 25, 2021 18:32:50
///////////////////////////////////


///////////////////////////////////
// Efinity Synthesis Started 
// Sep 25, 2021 18:36:51
///////////////////////////////////


///////////////////////////////////
// Efinity Synthesis Started 
// Sep 25, 2021 18:46:22
///////////////////////////////////


///////////////////////////////////
// Efinity Synthesis Started 
// Sep 25, 2021 19:01:00
///////////////////////////////////


///////////////////////////////////
// Efinity Synthesis Started 
// Sep 26, 2021 01:13:41
///////////////////////////////////

[EFX-0010 VERI-ERROR] (/home/vlad/Documents/level_project/level_fsm.sv:72) 'i2c_slave_addr_0' is not declared (VERI-1128)
[EFX-0010 VERI-ERROR] (/home/vlad/Documents/level_project/level_fsm.sv:169) module 'level_fsm' ignored due to previous errors (VERI-1072)

///////////////////////////////////
// Efinity Synthesis Started 
// Sep 26, 2021 01:13:53
///////////////////////////////////


///////////////////////////////////
// Efinity Synthesis Started 
// Sep 26, 2021 01:16:04
///////////////////////////////////


///////////////////////////////////
// Efinity Synthesis Started 
// Sep 26, 2021 01:21:27
///////////////////////////////////


///////////////////////////////////
// Efinity Synthesis Started 
// Sep 26, 2021 01:27:12
///////////////////////////////////


///////////////////////////////////
// Efinity Synthesis Started 
// Sep 26, 2021 01:31:09
///////////////////////////////////


///////////////////////////////////
// Efinity Synthesis Started 
// Sep 26, 2021 01:34:28
///////////////////////////////////


///////////////////////////////////
// Efinity Synthesis Started 
// Sep 26, 2021 02:02:54
///////////////////////////////////


///////////////////////////////////
// Efinity Synthesis Started 
// Sep 26, 2021 02:04:11
///////////////////////////////////


///////////////////////////////////
// Efinity Synthesis Started 
// Sep 26, 2021 02:10:42
///////////////////////////////////


///////////////////////////////////
// Efinity Synthesis Started 
// Sep 26, 2021 02:13:44
///////////////////////////////////


///////////////////////////////////
// Efinity Synthesis Started 
// Sep 26, 2021 12:48:09
///////////////////////////////////


///////////////////////////////////
// Efinity Synthesis Started 
// Sep 26, 2021 12:51:16
///////////////////////////////////


///////////////////////////////////
// Efinity Synthesis Started 
// Sep 26, 2021 12:51:42
///////////////////////////////////


///////////////////////////////////
// Efinity Synthesis Started 
// Sep 26, 2021 12:52:37
///////////////////////////////////


///////////////////////////////////
// Efinity Synthesis Started 
// Sep 26, 2021 12:56:01
///////////////////////////////////


///////////////////////////////////
// Efinity Synthesis Started 
// Sep 26, 2021 13:07:06
///////////////////////////////////


///////////////////////////////////
// Efinity Synthesis Started 
// Sep 26, 2021 13:11:05
///////////////////////////////////


///////////////////////////////////
// Efinity Synthesis Started 
// Sep 26, 2021 13:13:08
///////////////////////////////////


///////////////////////////////////
// Efinity Synthesis Started 
// Sep 26, 2021 13:15:27
///////////////////////////////////


///////////////////////////////////
// Efinity Synthesis Started 
// Sep 26, 2021 13:17:52
///////////////////////////////////


///////////////////////////////////
// Efinity Synthesis Started 
// Sep 26, 2021 13:49:37
///////////////////////////////////


///////////////////////////////////
// Efinity Synthesis Started 
// Sep 26, 2021 14:40:41
///////////////////////////////////


///////////////////////////////////
// Efinity Synthesis Started 
// Sep 26, 2021 14:41:57
///////////////////////////////////


///////////////////////////////////
// Efinity Synthesis Started 
// Sep 26, 2021 14:46:58
///////////////////////////////////


///////////////////////////////////
// Efinity Synthesis Started 
// Sep 26, 2021 14:48:28
///////////////////////////////////


///////////////////////////////////
// Efinity Synthesis Started 
// Sep 26, 2021 14:50:43
///////////////////////////////////


///////////////////////////////////
// Efinity Synthesis Started 
// Sep 26, 2021 14:53:39
///////////////////////////////////


///////////////////////////////////
// Efinity Synthesis Started 
// Sep 26, 2021 14:57:43
///////////////////////////////////


///////////////////////////////////
// Efinity Synthesis Started 
// Sep 27, 2021 16:13:15
///////////////////////////////////


///////////////////////////////////
// Efinity Synthesis Started 
// Sep 27, 2021 16:16:53
///////////////////////////////////


///////////////////////////////////
// Efinity Synthesis Started 
// Sep 27, 2021 16:25:39
///////////////////////////////////


///////////////////////////////////
// Efinity Synthesis Started 
// Sep 27, 2021 16:27:26
///////////////////////////////////


///////////////////////////////////
// Efinity Synthesis Started 
// Sep 27, 2021 16:29:13
///////////////////////////////////


///////////////////////////////////
// Efinity Synthesis Started 
// Sep 27, 2021 16:29:59
///////////////////////////////////


///////////////////////////////////
// Efinity Synthesis Started 
// Sep 27, 2021 16:30:31
///////////////////////////////////


///////////////////////////////////
// Efinity Synthesis Started 
// Sep 27, 2021 16:35:08
///////////////////////////////////


///////////////////////////////////
// Efinity Synthesis Started 
// Sep 27, 2021 16:39:41
///////////////////////////////////


///////////////////////////////////
// Efinity Synthesis Started 
// Sep 27, 2021 16:44:13
///////////////////////////////////


///////////////////////////////////
// Efinity Synthesis Started 
// Sep 27, 2021 16:49:15
///////////////////////////////////


///////////////////////////////////
// Efinity Synthesis Started 
// Sep 27, 2021 16:51:39
///////////////////////////////////


///////////////////////////////////
// Efinity Synthesis Started 
// Sep 27, 2021 18:38:25
///////////////////////////////////


///////////////////////////////////
// Efinity Synthesis Started 
// Sep 27, 2021 18:43:00
///////////////////////////////////


///////////////////////////////////
// Efinity Synthesis Started 
// Sep 27, 2021 18:47:42
///////////////////////////////////


///////////////////////////////////
// Efinity Synthesis Started 
// Sep 27, 2021 18:51:20
///////////////////////////////////


///////////////////////////////////
// Efinity Synthesis Started 
// Sep 27, 2021 18:58:04
///////////////////////////////////


///////////////////////////////////
// Efinity Synthesis Started 
// Sep 27, 2021 19:01:59
///////////////////////////////////


///////////////////////////////////
// Efinity Synthesis Started 
// Sep 27, 2021 19:04:09
///////////////////////////////////


///////////////////////////////////
// Efinity Synthesis Started 
// Sep 27, 2021 19:09:43
///////////////////////////////////


///////////////////////////////////
// Efinity Synthesis Started 
// Sep 27, 2021 19:17:51
///////////////////////////////////


///////////////////////////////////
// Efinity Synthesis Started 
// Sep 27, 2021 19:21:42
///////////////////////////////////


///////////////////////////////////
// Efinity Synthesis Started 
// Sep 27, 2021 19:23:18
///////////////////////////////////


///////////////////////////////////
// Efinity Synthesis Started 
// Sep 27, 2021 19:25:32
///////////////////////////////////


///////////////////////////////////
// Efinity Synthesis Started 
// Sep 27, 2021 19:33:38
///////////////////////////////////


///////////////////////////////////
// Efinity Synthesis Started 
// Sep 27, 2021 19:34:51
///////////////////////////////////


///////////////////////////////////
// Efinity Synthesis Started 
// Sep 27, 2021 19:55:12
///////////////////////////////////


///////////////////////////////////
// Efinity Synthesis Started 
// Sep 27, 2021 20:02:19
///////////////////////////////////

[EFX-0010 VERI-ERROR] (/home/vlad/Documents/level_project/level_fsm.sv:115) illegal character '4' in binary number 6'b64 (VERI-1038)
[EFX-0010 VERI-ERROR] (/home/vlad/Documents/level_project/level_fsm.sv:167) module 'level_fsm' ignored due to previous errors (VERI-1072)

///////////////////////////////////
// Efinity Synthesis Started 
// Sep 27, 2021 20:02:25
///////////////////////////////////


///////////////////////////////////
// Efinity Synthesis Started 
// Sep 27, 2021 20:03:10
///////////////////////////////////


///////////////////////////////////
// Efinity Synthesis Started 
// Sep 27, 2021 20:04:10
///////////////////////////////////


///////////////////////////////////
// Efinity Synthesis Started 
// Sep 27, 2021 20:05:58
///////////////////////////////////


///////////////////////////////////
// Efinity Synthesis Started 
// Sep 27, 2021 20:07:27
///////////////////////////////////

[EFX-0010 VERI-ERROR] (/home/vlad/Documents/level_project/level_fsm.sv:115) syntax error near '8' (VERI-1137)
[EFX-0010 VERI-ERROR] (/home/vlad/Documents/level_project/level_fsm.sv:167) module 'level_fsm' ignored due to previous errors (VERI-1072)

///////////////////////////////////
// Efinity Synthesis Started 
// Sep 27, 2021 20:07:35
///////////////////////////////////


///////////////////////////////////
// Efinity Synthesis Started 
// Sep 27, 2021 20:08:57
///////////////////////////////////


///////////////////////////////////
// Efinity Synthesis Started 
// Sep 27, 2021 20:10:26
///////////////////////////////////


///////////////////////////////////
// Efinity Synthesis Started 
// Sep 27, 2021 20:14:05
///////////////////////////////////


///////////////////////////////////
// Efinity Synthesis Started 
// Sep 27, 2021 20:18:17
///////////////////////////////////


///////////////////////////////////
// Efinity Synthesis Started 
// Sep 28, 2021 16:34:27
///////////////////////////////////


///////////////////////////////////
// Efinity Synthesis Started 
// Sep 28, 2021 16:40:27
///////////////////////////////////


///////////////////////////////////
// Efinity Synthesis Started 
// Sep 28, 2021 16:41:23
///////////////////////////////////


///////////////////////////////////
// Efinity Synthesis Started 
// Sep 28, 2021 16:42:44
///////////////////////////////////


///////////////////////////////////
// Efinity Synthesis Started 
// Sep 28, 2021 16:44:34
///////////////////////////////////


///////////////////////////////////
// Efinity Synthesis Started 
// Sep 28, 2021 16:45:22
///////////////////////////////////


///////////////////////////////////
// Efinity Synthesis Started 
// Sep 28, 2021 16:46:23
///////////////////////////////////


///////////////////////////////////
// Efinity Synthesis Started 
// Sep 28, 2021 16:48:11
///////////////////////////////////


///////////////////////////////////
// Efinity Synthesis Started 
// Sep 28, 2021 21:48:33
///////////////////////////////////

[EFX-0010 VERI-ERROR] (/home/vlad/Documents/level_project/level_fsm.sv:76) illegal character 'e' in binary number 8'be (VERI-1038)
[EFX-0010 VERI-ERROR] (/home/vlad/Documents/level_project/level_fsm.sv:76) syntax error near 'nd' (VERI-1137)
[EFX-0010 VERI-ERROR] (/home/vlad/Documents/level_project/level_fsm.sv:78) 'ASSIGN_WRITE_2' is already declared (VERI-1116)
[EFX-0010 VERI-ERROR] (/home/vlad/Documents/level_project/level_fsm.sv:79) 'ASSERT_WRITE_3' is already declared (VERI-1116)
[EFX-0010 VERI-ERROR] (/home/vlad/Documents/level_project/level_fsm.sv:80) 'WAIT_FOR_BUSY_4' is already declared (VERI-1116)
[EFX-0010 VERI-ERROR] (/home/vlad/Documents/level_project/level_fsm.sv:84) 'WAIT_FOR_DONE_5' is already declared (VERI-1116)
[EFX-0010 VERI-ERROR] (/home/vlad/Documents/level_project/level_fsm.sv:88) 'VERIFY_6' is already declared (VERI-1116)
[EFX-0010 VERI-ERROR] (/home/vlad/Documents/level_project/level_fsm.sv:92) 'ENSURE_BUSY_7' is already declared (VERI-1116)
[EFX-0010 VERI-ERROR] (/home/vlad/Documents/level_project/level_fsm.sv:102) 'ASSIGN_WRITE_8' is already declared (VERI-1116)
[EFX-0010 VERI-ERROR] (/home/vlad/Documents/level_project/level_fsm.sv:105) 'ASSERT_READ_9' is already declared (VERI-1116)
[EFX-0010 VERI-ERROR] (/home/vlad/Documents/level_project/level_fsm.sv:106) 'WAIT_FOR_BUSY_10' is already declared (VERI-1116)
[EFX-0010 VERI-ERROR] (/home/vlad/Documents/level_project/level_fsm.sv:110) 'WAIT_FOR_VALID_11' is already declared (VERI-1116)
[EFX-0010 VERI-ERROR] (/home/vlad/Documents/level_project/level_fsm.sv:114) 'VERIFY_12' is already declared (VERI-1116)
[EFX-0010 VERI-ERROR] (/home/vlad/Documents/level_project/level_fsm.sv:122) 'LED_OPERATION_13' is already declared (VERI-1116)
[EFX-0010 VERI-ERROR] (/home/vlad/Documents/level_project/level_fsm.sv:162) 'ERROR' is already declared (VERI-1116)
[EFX-0010 VERI-ERROR] (/home/vlad/Documents/level_project/level_fsm.sv:165) syntax error near 'default' (VERI-1137)
[EFX-0010 VERI-ERROR] (/home/vlad/Documents/level_project/level_fsm.sv:165) SystemVerilog 2009 keyword default used in incorrect context (VERI-2344)
[EFX-0010 VERI-ERROR] (/home/vlad/Documents/level_project/level_fsm.sv:166) syntax error near 'endcase' (VERI-1137)
[EFX-0010 VERI-ERROR] (/home/vlad/Documents/level_project/level_fsm.sv:166) SystemVerilog 2009 keyword endcase used in incorrect context (VERI-2344)

///////////////////////////////////
// Efinity Synthesis Started 
// Sep 28, 2021 21:48:59
///////////////////////////////////

[EFX-0010 VERI-ERROR] (/home/vlad/Documents/level_project/level_fsm.sv:76) illegal character 'e' in binary number 8'be (VERI-1038)
[EFX-0010 VERI-ERROR] (/home/vlad/Documents/level_project/level_fsm.sv:76) syntax error near 'nd' (VERI-1137)
[EFX-0010 VERI-ERROR] (/home/vlad/Documents/level_project/level_fsm.sv:78) 'ASSIGN_WRITE_2' is already declared (VERI-1116)
[EFX-0010 VERI-ERROR] (/home/vlad/Documents/level_project/level_fsm.sv:79) 'ASSERT_WRITE_3' is already declared (VERI-1116)
[EFX-0010 VERI-ERROR] (/home/vlad/Documents/level_project/level_fsm.sv:80) 'WAIT_FOR_BUSY_4' is already declared (VERI-1116)
[EFX-0010 VERI-ERROR] (/home/vlad/Documents/level_project/level_fsm.sv:84) 'WAIT_FOR_DONE_5' is already declared (VERI-1116)
[EFX-0010 VERI-ERROR] (/home/vlad/Documents/level_project/level_fsm.sv:88) 'VERIFY_6' is already declared (VERI-1116)
[EFX-0010 VERI-ERROR] (/home/vlad/Documents/level_project/level_fsm.sv:92) 'ENSURE_BUSY_7' is already declared (VERI-1116)
[EFX-0010 VERI-ERROR] (/home/vlad/Documents/level_project/level_fsm.sv:102) 'ASSIGN_WRITE_8' is already declared (VERI-1116)
[EFX-0010 VERI-ERROR] (/home/vlad/Documents/level_project/level_fsm.sv:105) 'ASSERT_READ_9' is already declared (VERI-1116)
[EFX-0010 VERI-ERROR] (/home/vlad/Documents/level_project/level_fsm.sv:106) 'WAIT_FOR_BUSY_10' is already declared (VERI-1116)
[EFX-0010 VERI-ERROR] (/home/vlad/Documents/level_project/level_fsm.sv:110) 'WAIT_FOR_VALID_11' is already declared (VERI-1116)
[EFX-0010 VERI-ERROR] (/home/vlad/Documents/level_project/level_fsm.sv:114) 'VERIFY_12' is already declared (VERI-1116)
[EFX-0010 VERI-ERROR] (/home/vlad/Documents/level_project/level_fsm.sv:122) 'LED_OPERATION_13' is already declared (VERI-1116)
[EFX-0010 VERI-ERROR] (/home/vlad/Documents/level_project/level_fsm.sv:162) 'ERROR' is already declared (VERI-1116)
[EFX-0010 VERI-ERROR] (/home/vlad/Documents/level_project/level_fsm.sv:165) syntax error near 'default' (VERI-1137)
[EFX-0010 VERI-ERROR] (/home/vlad/Documents/level_project/level_fsm.sv:165) SystemVerilog 2009 keyword default used in incorrect context (VERI-2344)
[EFX-0010 VERI-ERROR] (/home/vlad/Documents/level_project/level_fsm.sv:166) syntax error near 'endcase' (VERI-1137)
[EFX-0010 VERI-ERROR] (/home/vlad/Documents/level_project/level_fsm.sv:166) SystemVerilog 2009 keyword endcase used in incorrect context (VERI-2344)

///////////////////////////////////
// Efinity Synthesis Started 
// Sep 28, 2021 21:49:03
///////////////////////////////////

[EFX-0010 VERI-ERROR] (/home/vlad/Documents/level_project/level_fsm.sv:76) illegal character 'e' in binary number 8'be (VERI-1038)
[EFX-0010 VERI-ERROR] (/home/vlad/Documents/level_project/level_fsm.sv:76) syntax error near 'nd' (VERI-1137)
[EFX-0010 VERI-ERROR] (/home/vlad/Documents/level_project/level_fsm.sv:78) 'ASSIGN_WRITE_2' is already declared (VERI-1116)
[EFX-0010 VERI-ERROR] (/home/vlad/Documents/level_project/level_fsm.sv:79) 'ASSERT_WRITE_3' is already declared (VERI-1116)
[EFX-0010 VERI-ERROR] (/home/vlad/Documents/level_project/level_fsm.sv:80) 'WAIT_FOR_BUSY_4' is already declared (VERI-1116)
[EFX-0010 VERI-ERROR] (/home/vlad/Documents/level_project/level_fsm.sv:84) 'WAIT_FOR_DONE_5' is already declared (VERI-1116)
[EFX-0010 VERI-ERROR] (/home/vlad/Documents/level_project/level_fsm.sv:88) 'VERIFY_6' is already declared (VERI-1116)
[EFX-0010 VERI-ERROR] (/home/vlad/Documents/level_project/level_fsm.sv:92) 'ENSURE_BUSY_7' is already declared (VERI-1116)
[EFX-0010 VERI-ERROR] (/home/vlad/Documents/level_project/level_fsm.sv:102) 'ASSIGN_WRITE_8' is already declared (VERI-1116)
[EFX-0010 VERI-ERROR] (/home/vlad/Documents/level_project/level_fsm.sv:105) 'ASSERT_READ_9' is already declared (VERI-1116)
[EFX-0010 VERI-ERROR] (/home/vlad/Documents/level_project/level_fsm.sv:106) 'WAIT_FOR_BUSY_10' is already declared (VERI-1116)
[EFX-0010 VERI-ERROR] (/home/vlad/Documents/level_project/level_fsm.sv:110) 'WAIT_FOR_VALID_11' is already declared (VERI-1116)
[EFX-0010 VERI-ERROR] (/home/vlad/Documents/level_project/level_fsm.sv:114) 'VERIFY_12' is already declared (VERI-1116)
[EFX-0010 VERI-ERROR] (/home/vlad/Documents/level_project/level_fsm.sv:122) 'LED_OPERATION_13' is already declared (VERI-1116)
[EFX-0010 VERI-ERROR] (/home/vlad/Documents/level_project/level_fsm.sv:162) 'ERROR' is already declared (VERI-1116)
[EFX-0010 VERI-ERROR] (/home/vlad/Documents/level_project/level_fsm.sv:165) syntax error near 'default' (VERI-1137)
[EFX-0010 VERI-ERROR] (/home/vlad/Documents/level_project/level_fsm.sv:165) SystemVerilog 2009 keyword default used in incorrect context (VERI-2344)
[EFX-0010 VERI-ERROR] (/home/vlad/Documents/level_project/level_fsm.sv:166) syntax error near 'endcase' (VERI-1137)
[EFX-0010 VERI-ERROR] (/home/vlad/Documents/level_project/level_fsm.sv:166) SystemVerilog 2009 keyword endcase used in incorrect context (VERI-2344)

///////////////////////////////////
// Efinity Synthesis Started 
// Sep 28, 2021 21:49:34
///////////////////////////////////


///////////////////////////////////
// Efinity Synthesis Started 
// Sep 28, 2021 21:50:36
///////////////////////////////////


///////////////////////////////////
// Efinity Synthesis Started 
// Sep 28, 2021 21:52:12
///////////////////////////////////


///////////////////////////////////
// Efinity Synthesis Started 
// Sep 28, 2021 21:53:52
///////////////////////////////////


///////////////////////////////////
// Efinity Synthesis Started 
// Sep 28, 2021 21:55:23
///////////////////////////////////


///////////////////////////////////
// Efinity Synthesis Started 
// Sep 28, 2021 21:56:33
///////////////////////////////////


///////////////////////////////////
// Efinity Synthesis Started 
// Sep 28, 2021 21:59:35
///////////////////////////////////

