
Cadence Innovus(TM) Implementation System.
Copyright 2018 Cadence Design Systems, Inc. All rights reserved worldwide.

Version:	v18.10-p002_1, built Tue May 29 19:19:55 PDT 2018
Options:	-log myinnovus.log 
Date:		Wed Nov 17 10:26:54 2021
Host:		ssh-soc.ece.ubc.ca (x86_64 w/Linux 3.10.0-1160.15.2.el7.x86_64) (1core*12cpus*Intel(R) Xeon(R) CPU E5-2650 v4 @ 2.20GHz 30720KB)
OS:		Red Hat Enterprise Linux Server release 7.9 (Maipo)

License:
		invs	Innovus Implementation System	18.1	checkout succeeded
		8 CPU jobs allowed with the current license(s). Use setMultiCpuUsage to set your required CPU count.
Change the soft stacksize limit to 0.2%RAM (128 mbytes). Set global soft_stack_size_limit to change the value.

**INFO:  MMMC transition support version v31-84 

<CMD> set_global _enable_mmmc_by_default_flow      $CTE::mmmc_default
<CMD> suppressMessage ENCEXT-2799
<CMD> win
<CMD> set init_gnd_net VSS
<CMD> set init_lef_file {/CMC/kits/GPDK45/gsclib045_all_v4.4/gsclib045/lef/gsclib045_tech.lef /CMC/kits/GPDK45/gsclib045_all_v4.4/gsclib045/lef/gsclib045_macro.lef /CMC/kits/GPDK45/gsclib045_all_v4.4/gsclib045/lef/gsclib045_multibitsDFF.lef}
<CMD> set init_design_settop 0
<CMD> set init_verilog ../Verilog/synth/out/level_fsm_map.v
<CMD> set init_mmmc_file MMMC.tcl
<CMD> set init_pwr_net VDD
<CMD> init_design
#% Begin Load MMMC data ... (date=11/17 10:35:48, mem=443.9M)
#% End Load MMMC data ... (date=11/17 10:35:48, total cpu=0:00:00.0, real=0:00:00.0, peak res=444.1M, current mem=444.1M)
rcWorst rcBest

Loading LEF file /CMC/kits/GPDK45/gsclib045_all_v4.4/gsclib045/lef/gsclib045_tech.lef ...
**WARN: (IMPLF-155):	ViaRule only supports routing/cut layer, but poly layer found for viaRule 'M1_PO', 
**WARN: (IMPLF-155):	ViaRule only supports routing/cut layer, but poly layer found for viaRule 'M1_DIFF', 
**WARN: (IMPLF-155):	ViaRule only supports routing/cut layer, but poly layer found for viaRule 'M1_PSUB', 
**WARN: (IMPLF-155):	ViaRule only supports routing/cut layer, but poly layer found for viaRule 'M1_PIMP', 
**WARN: (IMPLF-155):	ViaRule only supports routing/cut layer, but poly layer found for viaRule 'M1_NIMP', 
**WARN: (IMPLF-155):	ViaRule only supports routing/cut layer, but poly layer found for viaRule 'M1_NWELL', 

Loading LEF file /CMC/kits/GPDK45/gsclib045_all_v4.4/gsclib045/lef/gsclib045_macro.lef ...
Set DBUPerIGU to M2 pitch 400.

Loading LEF file /CMC/kits/GPDK45/gsclib045_all_v4.4/gsclib045/lef/gsclib045_multibitsDFF.lef ...
**WARN: (IMPLF-58):	MACRO 'DFF2RX1' has been found in the database. Its content except DENSITY and PIN ANTENNA* data will be ignored.
Review the LEF files specified in the init_lef_file variable and remove redundant definitions.
Type 'man IMPLF-58' for more detail.
**WARN: (IMPLF-58):	MACRO 'DFF2RX2' has been found in the database. Its content except DENSITY and PIN ANTENNA* data will be ignored.
Review the LEF files specified in the init_lef_file variable and remove redundant definitions.
Type 'man IMPLF-58' for more detail.
**WARN: (IMPLF-58):	MACRO 'DFF2X1' has been found in the database. Its content except DENSITY and PIN ANTENNA* data will be ignored.
Review the LEF files specified in the init_lef_file variable and remove redundant definitions.
Type 'man IMPLF-58' for more detail.
**WARN: (IMPLF-58):	MACRO 'DFF2X2' has been found in the database. Its content except DENSITY and PIN ANTENNA* data will be ignored.
Review the LEF files specified in the init_lef_file variable and remove redundant definitions.
Type 'man IMPLF-58' for more detail.
**WARN: (IMPLF-58):	MACRO 'DFF4RX1' has been found in the database. Its content except DENSITY and PIN ANTENNA* data will be ignored.
Review the LEF files specified in the init_lef_file variable and remove redundant definitions.
Type 'man IMPLF-58' for more detail.
**WARN: (IMPLF-58):	MACRO 'DFF4RX2' has been found in the database. Its content except DENSITY and PIN ANTENNA* data will be ignored.
Review the LEF files specified in the init_lef_file variable and remove redundant definitions.
Type 'man IMPLF-58' for more detail.
**WARN: (IMPLF-58):	MACRO 'DFF4X1' has been found in the database. Its content except DENSITY and PIN ANTENNA* data will be ignored.
Review the LEF files specified in the init_lef_file variable and remove redundant definitions.
Type 'man IMPLF-58' for more detail.
**WARN: (IMPLF-58):	MACRO 'DFF4X2' has been found in the database. Its content except DENSITY and PIN ANTENNA* data will be ignored.
Review the LEF files specified in the init_lef_file variable and remove redundant definitions.
Type 'man IMPLF-58' for more detail.
**WARN: (IMPLF-58):	MACRO 'SDFF2RX1' has been found in the database. Its content except DENSITY and PIN ANTENNA* data will be ignored.
Review the LEF files specified in the init_lef_file variable and remove redundant definitions.
Type 'man IMPLF-58' for more detail.
**WARN: (IMPLF-58):	MACRO 'SDFF2RX2' has been found in the database. Its content except DENSITY and PIN ANTENNA* data will be ignored.
Review the LEF files specified in the init_lef_file variable and remove redundant definitions.
Type 'man IMPLF-58' for more detail.
**WARN: (IMPLF-58):	MACRO 'SDFF4RX1' has been found in the database. Its content except DENSITY and PIN ANTENNA* data will be ignored.
Review the LEF files specified in the init_lef_file variable and remove redundant definitions.
Type 'man IMPLF-58' for more detail.
**WARN: (IMPLF-58):	MACRO 'SDFF4RX2' has been found in the database. Its content except DENSITY and PIN ANTENNA* data will be ignored.
Review the LEF files specified in the init_lef_file variable and remove redundant definitions.
Type 'man IMPLF-58' for more detail.
**WARN: (IMPLF-58):	MACRO 'SPDFF2RX1' has been found in the database. Its content except DENSITY and PIN ANTENNA* data will be ignored.
Review the LEF files specified in the init_lef_file variable and remove redundant definitions.
Type 'man IMPLF-58' for more detail.
**WARN: (IMPLF-58):	MACRO 'SPDFF2RX2' has been found in the database. Its content except DENSITY and PIN ANTENNA* data will be ignored.
Review the LEF files specified in the init_lef_file variable and remove redundant definitions.
Type 'man IMPLF-58' for more detail.
**WARN: (IMPLF-58):	MACRO 'SPDFF4RX1' has been found in the database. Its content except DENSITY and PIN ANTENNA* data will be ignored.
Review the LEF files specified in the init_lef_file variable and remove redundant definitions.
Type 'man IMPLF-58' for more detail.
**WARN: (IMPLF-58):	MACRO 'SPDFF4RX2' has been found in the database. Its content except DENSITY and PIN ANTENNA* data will be ignored.
Review the LEF files specified in the init_lef_file variable and remove redundant definitions.
Type 'man IMPLF-58' for more detail.
**WARN: (IMPLF-61):	16 duplicated MACRO definitions have been found in the LEF file(s). Their content except DENSITY and PIN ANTENNA* data have been ignored.
Review the LEF files specified in the init_lef_file variable and remove redundant definitions.
Type 'man IMPLF-61' for more detail.
**WARN: (IMPLF-200):	Pin 'A' in macro 'ANTENNA' has no ANTENNAGATEAREA value defined. The library data is incomplete and some process antenna rules will not be checked correctly.
Type 'man IMPLF-200' for more detail.

viaInitial starts at Wed Nov 17 10:35:48 2021
viaInitial ends at Wed Nov 17 10:35:48 2021
Loading view definition file from MMMC.tcl
Reading lsMax timing library '/ubc/ece/data/cmc2/kits/GPDK45/gsclib045_all_v4.4/gsclib045/timing/slow_vdd1v0_basicCells.lib' ...
**WARN: (TECHLIB-436):	Attribute 'max_fanout' on 'output/inout' pin 'CON' of cell 'ACHCONX2' is not defined in the library. (File /ubc/ece/data/cmc2/kits/GPDK45/gsclib045_all_v4.4/gsclib045/timing/slow_vdd1v0_basicCells.lib)
**WARN: (TECHLIB-436):	Attribute 'max_fanout' on 'output/inout' pin 'CO' of cell 'ADDFHX1' is not defined in the library. (File /ubc/ece/data/cmc2/kits/GPDK45/gsclib045_all_v4.4/gsclib045/timing/slow_vdd1v0_basicCells.lib)
**WARN: (TECHLIB-436):	Attribute 'max_fanout' on 'output/inout' pin 'S' of cell 'ADDFHX1' is not defined in the library. (File /ubc/ece/data/cmc2/kits/GPDK45/gsclib045_all_v4.4/gsclib045/timing/slow_vdd1v0_basicCells.lib)
**WARN: (TECHLIB-436):	Attribute 'max_fanout' on 'output/inout' pin 'CO' of cell 'ADDFHX2' is not defined in the library. (File /ubc/ece/data/cmc2/kits/GPDK45/gsclib045_all_v4.4/gsclib045/timing/slow_vdd1v0_basicCells.lib)
**WARN: (TECHLIB-436):	Attribute 'max_fanout' on 'output/inout' pin 'S' of cell 'ADDFHX2' is not defined in the library. (File /ubc/ece/data/cmc2/kits/GPDK45/gsclib045_all_v4.4/gsclib045/timing/slow_vdd1v0_basicCells.lib)
**WARN: (TECHLIB-436):	Attribute 'max_fanout' on 'output/inout' pin 'CO' of cell 'ADDFHX4' is not defined in the library. (File /ubc/ece/data/cmc2/kits/GPDK45/gsclib045_all_v4.4/gsclib045/timing/slow_vdd1v0_basicCells.lib)
**WARN: (TECHLIB-436):	Attribute 'max_fanout' on 'output/inout' pin 'S' of cell 'ADDFHX4' is not defined in the library. (File /ubc/ece/data/cmc2/kits/GPDK45/gsclib045_all_v4.4/gsclib045/timing/slow_vdd1v0_basicCells.lib)
**WARN: (TECHLIB-436):	Attribute 'max_fanout' on 'output/inout' pin 'CO' of cell 'ADDFHXL' is not defined in the library. (File /ubc/ece/data/cmc2/kits/GPDK45/gsclib045_all_v4.4/gsclib045/timing/slow_vdd1v0_basicCells.lib)
**WARN: (TECHLIB-436):	Attribute 'max_fanout' on 'output/inout' pin 'S' of cell 'ADDFHXL' is not defined in the library. (File /ubc/ece/data/cmc2/kits/GPDK45/gsclib045_all_v4.4/gsclib045/timing/slow_vdd1v0_basicCells.lib)
**WARN: (TECHLIB-436):	Attribute 'max_fanout' on 'output/inout' pin 'CO' of cell 'ADDFX1' is not defined in the library. (File /ubc/ece/data/cmc2/kits/GPDK45/gsclib045_all_v4.4/gsclib045/timing/slow_vdd1v0_basicCells.lib)
**WARN: (TECHLIB-436):	Attribute 'max_fanout' on 'output/inout' pin 'S' of cell 'ADDFX1' is not defined in the library. (File /ubc/ece/data/cmc2/kits/GPDK45/gsclib045_all_v4.4/gsclib045/timing/slow_vdd1v0_basicCells.lib)
**WARN: (TECHLIB-436):	Attribute 'max_fanout' on 'output/inout' pin 'CO' of cell 'ADDFX2' is not defined in the library. (File /ubc/ece/data/cmc2/kits/GPDK45/gsclib045_all_v4.4/gsclib045/timing/slow_vdd1v0_basicCells.lib)
**WARN: (TECHLIB-436):	Attribute 'max_fanout' on 'output/inout' pin 'S' of cell 'ADDFX2' is not defined in the library. (File /ubc/ece/data/cmc2/kits/GPDK45/gsclib045_all_v4.4/gsclib045/timing/slow_vdd1v0_basicCells.lib)
**WARN: (TECHLIB-436):	Attribute 'max_fanout' on 'output/inout' pin 'CO' of cell 'ADDFX4' is not defined in the library. (File /ubc/ece/data/cmc2/kits/GPDK45/gsclib045_all_v4.4/gsclib045/timing/slow_vdd1v0_basicCells.lib)
**WARN: (TECHLIB-436):	Attribute 'max_fanout' on 'output/inout' pin 'S' of cell 'ADDFX4' is not defined in the library. (File /ubc/ece/data/cmc2/kits/GPDK45/gsclib045_all_v4.4/gsclib045/timing/slow_vdd1v0_basicCells.lib)
**WARN: (TECHLIB-436):	Attribute 'max_fanout' on 'output/inout' pin 'CO' of cell 'ADDFXL' is not defined in the library. (File /ubc/ece/data/cmc2/kits/GPDK45/gsclib045_all_v4.4/gsclib045/timing/slow_vdd1v0_basicCells.lib)
**WARN: (TECHLIB-436):	Attribute 'max_fanout' on 'output/inout' pin 'S' of cell 'ADDFXL' is not defined in the library. (File /ubc/ece/data/cmc2/kits/GPDK45/gsclib045_all_v4.4/gsclib045/timing/slow_vdd1v0_basicCells.lib)
**WARN: (TECHLIB-436):	Attribute 'max_fanout' on 'output/inout' pin 'CO' of cell 'ADDHX1' is not defined in the library. (File /ubc/ece/data/cmc2/kits/GPDK45/gsclib045_all_v4.4/gsclib045/timing/slow_vdd1v0_basicCells.lib)
**WARN: (TECHLIB-436):	Attribute 'max_fanout' on 'output/inout' pin 'S' of cell 'ADDHX1' is not defined in the library. (File /ubc/ece/data/cmc2/kits/GPDK45/gsclib045_all_v4.4/gsclib045/timing/slow_vdd1v0_basicCells.lib)
**WARN: (TECHLIB-436):	Attribute 'max_fanout' on 'output/inout' pin 'CO' of cell 'ADDHX2' is not defined in the library. (File /ubc/ece/data/cmc2/kits/GPDK45/gsclib045_all_v4.4/gsclib045/timing/slow_vdd1v0_basicCells.lib)
Message <TECHLIB-436> has exceeded the message display limit of '20'. Use 'set_message -no_limit -id list_of_msgIDs' to reset the message limit.
**WARN: (TECHLIB-302):	No function defined for cell 'DECAP9'. The cell will only be used for analysis. (File /ubc/ece/data/cmc2/kits/GPDK45/gsclib045_all_v4.4/gsclib045/timing/slow_vdd1v0_basicCells.lib)
**WARN: (TECHLIB-302):	No function defined for cell 'DECAP8'. The cell will only be used for analysis. (File /ubc/ece/data/cmc2/kits/GPDK45/gsclib045_all_v4.4/gsclib045/timing/slow_vdd1v0_basicCells.lib)
**WARN: (TECHLIB-302):	No function defined for cell 'DECAP7'. The cell will only be used for analysis. (File /ubc/ece/data/cmc2/kits/GPDK45/gsclib045_all_v4.4/gsclib045/timing/slow_vdd1v0_basicCells.lib)
**WARN: (TECHLIB-302):	No function defined for cell 'DECAP6'. The cell will only be used for analysis. (File /ubc/ece/data/cmc2/kits/GPDK45/gsclib045_all_v4.4/gsclib045/timing/slow_vdd1v0_basicCells.lib)
**WARN: (TECHLIB-302):	No function defined for cell 'DECAP5'. The cell will only be used for analysis. (File /ubc/ece/data/cmc2/kits/GPDK45/gsclib045_all_v4.4/gsclib045/timing/slow_vdd1v0_basicCells.lib)
**WARN: (TECHLIB-302):	No function defined for cell 'DECAP4'. The cell will only be used for analysis. (File /ubc/ece/data/cmc2/kits/GPDK45/gsclib045_all_v4.4/gsclib045/timing/slow_vdd1v0_basicCells.lib)
**WARN: (TECHLIB-302):	No function defined for cell 'DECAP3'. The cell will only be used for analysis. (File /ubc/ece/data/cmc2/kits/GPDK45/gsclib045_all_v4.4/gsclib045/timing/slow_vdd1v0_basicCells.lib)
**WARN: (TECHLIB-302):	No function defined for cell 'DECAP2'. The cell will only be used for analysis. (File /ubc/ece/data/cmc2/kits/GPDK45/gsclib045_all_v4.4/gsclib045/timing/slow_vdd1v0_basicCells.lib)
**WARN: (TECHLIB-302):	No function defined for cell 'DECAP10'. The cell will only be used for analysis. (File /ubc/ece/data/cmc2/kits/GPDK45/gsclib045_all_v4.4/gsclib045/timing/slow_vdd1v0_basicCells.lib)
**WARN: (TECHLIB-302):	No function defined for cell 'ANTENNA'. The cell will only be used for analysis. (File /ubc/ece/data/cmc2/kits/GPDK45/gsclib045_all_v4.4/gsclib045/timing/slow_vdd1v0_basicCells.lib)
Read 489 cells in library 'slow_vdd1v0' 
Reading lsMin timing library '/ubc/ece/data/cmc2/kits/GPDK45/gsclib045_all_v4.4/gsclib045/timing/fast_vdd1v0_basicCells.lib' ...
**WARN: (TECHLIB-302):	No function defined for cell 'DECAP9'. The cell will only be used for analysis. (File /ubc/ece/data/cmc2/kits/GPDK45/gsclib045_all_v4.4/gsclib045/timing/fast_vdd1v0_basicCells.lib)
**WARN: (TECHLIB-302):	No function defined for cell 'DECAP8'. The cell will only be used for analysis. (File /ubc/ece/data/cmc2/kits/GPDK45/gsclib045_all_v4.4/gsclib045/timing/fast_vdd1v0_basicCells.lib)
**WARN: (TECHLIB-302):	No function defined for cell 'DECAP7'. The cell will only be used for analysis. (File /ubc/ece/data/cmc2/kits/GPDK45/gsclib045_all_v4.4/gsclib045/timing/fast_vdd1v0_basicCells.lib)
**WARN: (TECHLIB-302):	No function defined for cell 'DECAP6'. The cell will only be used for analysis. (File /ubc/ece/data/cmc2/kits/GPDK45/gsclib045_all_v4.4/gsclib045/timing/fast_vdd1v0_basicCells.lib)
**WARN: (TECHLIB-302):	No function defined for cell 'DECAP5'. The cell will only be used for analysis. (File /ubc/ece/data/cmc2/kits/GPDK45/gsclib045_all_v4.4/gsclib045/timing/fast_vdd1v0_basicCells.lib)
**WARN: (TECHLIB-302):	No function defined for cell 'DECAP4'. The cell will only be used for analysis. (File /ubc/ece/data/cmc2/kits/GPDK45/gsclib045_all_v4.4/gsclib045/timing/fast_vdd1v0_basicCells.lib)
**WARN: (TECHLIB-302):	No function defined for cell 'DECAP3'. The cell will only be used for analysis. (File /ubc/ece/data/cmc2/kits/GPDK45/gsclib045_all_v4.4/gsclib045/timing/fast_vdd1v0_basicCells.lib)
**WARN: (TECHLIB-302):	No function defined for cell 'DECAP2'. The cell will only be used for analysis. (File /ubc/ece/data/cmc2/kits/GPDK45/gsclib045_all_v4.4/gsclib045/timing/fast_vdd1v0_basicCells.lib)
**WARN: (TECHLIB-302):	No function defined for cell 'DECAP10'. The cell will only be used for analysis. (File /ubc/ece/data/cmc2/kits/GPDK45/gsclib045_all_v4.4/gsclib045/timing/fast_vdd1v0_basicCells.lib)
**WARN: (TECHLIB-302):	No function defined for cell 'ANTENNA'. The cell will only be used for analysis. (File /ubc/ece/data/cmc2/kits/GPDK45/gsclib045_all_v4.4/gsclib045/timing/fast_vdd1v0_basicCells.lib)
Read 489 cells in library 'fast_vdd1v0' 
*** End library_loading (cpu=0.02min, real=0.03min, mem=22.5M, fe_cpu=1.89min, fe_real=8.93min, fe_mem=619.3M) ***
#% Begin Load netlist data ... (date=11/17 10:35:50, mem=466.3M)
*** Begin netlist parsing (mem=619.3M) ***
Created 489 new cells from 2 timing libraries.
Reading netlist ...
Backslashed names will retain backslash and a trailing blank character.
Reading verilog netlist '../Verilog/synth/out/level_fsm_map.v'

*** Memory Usage v#1 (Current mem = 619.305M, initial mem = 251.488M) ***
*** End netlist parsing (cpu=0:00:00.0, real=0:00:00.0, mem=619.3M) ***
#% End Load netlist data ... (date=11/17 10:35:50, total cpu=0:00:00.0, real=0:00:00.0, peak res=475.7M, current mem=475.7M)
Top level cell is level_fsm.
Hooked 978 DB cells to tlib cells.
Starting recursive module instantiation check.
No recursion found.
Building hierarchical netlist for Cell level_fsm ...
*** Netlist is unique.
** info: there are 1073 modules.
** info: there are 147 stdCell insts.

*** Memory Usage v#1 (Current mem = 658.227M, initial mem = 251.488M) ***
**WARN: (IMPFP-3961):	The techSite 'CornerSite' has no related standard cells in LEF/OA library. Cannot make calculations for this site type unless standard cell models of this type exist in the LEF/OA library. If the SITE is not used by the library you can ignore this warning or remove the SITE definition from the LEF/OA to avoid this message.
Type 'man IMPFP-3961' for more detail.
**WARN: (IMPFP-3961):	The techSite 'IOSite' has no related standard cells in LEF/OA library. Cannot make calculations for this site type unless standard cell models of this type exist in the LEF/OA library. If the SITE is not used by the library you can ignore this warning or remove the SITE definition from the LEF/OA to avoid this message.
Type 'man IMPFP-3961' for more detail.
Set Default Net Delay as 1000 ps.
Set Default Net Load as 0.5 pF. 
Set Default Input Pin Transition as 0.1 ps.
Extraction setup Started 
Initializing multi-corner RC extraction with 2 active RC Corners ...
Captable file(s) not specified in multi-corner setup. PreRoute extraction will use technology file. For postRoute extraction, default value for effort level would be 'medium' and effort level 'low' would not be allowed.
Generating auto layer map file.
Importing multi-corner technology file(s) for preRoute extraction...
/CMC/kits/AMSKIT616_GPDK/tech/gsclib045_all_v4.4/gsclib045/qrc/qx/gpdk045.tch
Generating auto layer map file.
Completed (cpu: 0:00:05.9 real: 0:00:06.0)
Set Shrink Factor to 1.00000
Summary of Active RC-Corners : 
 
 Analysis View: av_lsMax_rcWorst_cmFunc
    RC-Corner Name        : rcWorst
    RC-Corner Index       : 0
    RC-Corner Temperature : 25 Celsius
    RC-Corner Cap Table   : ''
    RC-Corner PreRoute Res Factor         : 1
    RC-Corner PreRoute Cap Factor         : 1
    RC-Corner PostRoute Res Factor        : 1 {1 1 1}
    RC-Corner PostRoute Cap Factor        : 1 {1 1 1}
    RC-Corner PostRoute XCap Factor       : 1 {1 1 1}
    RC-Corner PreRoute Clock Res Factor   : 1	[Derived from postRoute_res (effortLevel low)]
    RC-Corner PreRoute Clock Cap Factor   : 1	[Derived from postRoute_cap (effortLevel low)]
    RC-Corner PostRoute Clock Cap Factor  : 1 {1 1 1} 	[Derived from postRoute_cap (effortLevel low)]
    RC-Corner PostRoute Clock Res Factor  : 1 {1 1 1} 	[Derived from postRoute_res (effortLevel low)]
    RC-Corner Technology file: '/CMC/kits/AMSKIT616_GPDK/tech/gsclib045_all_v4.4/gsclib045/qrc/qx/gpdk045.tch'
 
 Analysis View: av_lsMin_rcBest_cmFunc
    RC-Corner Name        : rcBest
    RC-Corner Index       : 1
    RC-Corner Temperature : 25 Celsius
    RC-Corner Cap Table   : ''
    RC-Corner PreRoute Res Factor         : 1
    RC-Corner PreRoute Cap Factor         : 1
    RC-Corner PostRoute Res Factor        : 1 {1 1 1}
    RC-Corner PostRoute Cap Factor        : 1 {1 1 1}
    RC-Corner PostRoute XCap Factor       : 1 {1 1 1}
    RC-Corner PreRoute Clock Res Factor   : 1	[Derived from postRoute_res (effortLevel low)]
    RC-Corner PreRoute Clock Cap Factor   : 1	[Derived from postRoute_cap (effortLevel low)]
    RC-Corner PostRoute Clock Cap Factor  : 1 {1 1 1} 	[Derived from postRoute_cap (effortLevel low)]
    RC-Corner PostRoute Clock Res Factor  : 1 {1 1 1} 	[Derived from postRoute_res (effortLevel low)]
    RC-Corner Technology file: '/CMC/kits/AMSKIT616_GPDK/tech/gsclib045_all_v4.4/gsclib045/qrc/qx/gpdk045.tch'
Updating RC grid for preRoute extraction ...
Initializing multi-corner resistance tables ...
Default value for postRoute extraction mode's effortLevel (-effortLevel option of setExtractRCMode) changed to 'medium'.
*Info: initialize multi-corner CTS.
Reading timing constraints file '/ubc/ece/home/ugrads/l/l9w0b/Documents/level_project/Verilog/synth/out/level_fsm_map.sdc' ...
Current (total cpu=0:02:00, real=0:09:03, peak res=681.8M, current mem=681.8M)
**WARN: (TCLCMD-1461):	Skipped unsupported command: set_units (File /ubc/ece/home/ugrads/l/l9w0b/Documents/level_project/Verilog/synth/out/level_fsm_map.sdc, Line 9).

**WARN: (TCLCMD-1461):	Skipped unsupported command: set_units (File /ubc/ece/home/ugrads/l/l9w0b/Documents/level_project/Verilog/synth/out/level_fsm_map.sdc, Line 10).

level_fsm
INFO (CTE): Reading of timing constraints file /ubc/ece/home/ugrads/l/l9w0b/Documents/level_project/Verilog/synth/out/level_fsm_map.sdc completed, with 2 WARNING
Ending "Constraint file reading stats" (total cpu=0:00:00.0, real=0:00:00.0, peak res=688.9M, current mem=688.9M)
Current (total cpu=0:02:00, real=0:09:03, peak res=688.9M, current mem=688.9M)
Total number of combinational cells: 327
Total number of sequential cells: 152
Total number of tristate cells: 10
Total number of level shifter cells: 0
Total number of power gating cells: 0
Total number of isolation cells: 0
Total number of power switch cells: 0
Total number of pulse generator cells: 0
Total number of always on buffers: 0
Total number of retention cells: 0
List of usable buffers: BUFX2 BUFX12 BUFX16 BUFX20 CLKBUFX2 BUFX3 BUFX4 BUFX6 BUFX8 CLKBUFX12 CLKBUFX16 CLKBUFX20 CLKBUFX3 CLKBUFX4 CLKBUFX6 CLKBUFX8
Total number of usable buffers: 16
List of unusable buffers:
Total number of unusable buffers: 0
List of usable inverters: CLKINVX1 CLKINVX2 CLKINVX12 CLKINVX16 CLKINVX20 CLKINVX4 CLKINVX3 CLKINVX6 CLKINVX8 INVX1 INVX2 INVX12 INVX16 INVX20 INVXL INVX3 INVX4 INVX6 INVX8
Total number of usable inverters: 19
List of unusable inverters:
Total number of unusable inverters: 0
List of identified usable delay cells: DLY1X1 DLY1X4 DLY2X1 DLY2X4 DLY3X1 DLY3X4 DLY4X1 DLY4X4
Total number of identified usable delay cells: 8
List of identified unusable delay cells:
Total number of identified unusable delay cells: 0

*** Summary of all messages that are not suppressed in this session:
Severity  ID               Count  Summary                                  
WARNING   IMPLF-155            6  ViaRule only supports routing/cut layer,...
WARNING   IMPLF-58            16  MACRO '%s' has been found in the databas...
WARNING   IMPLF-61             1  %d duplicated MACRO definitions have bee...
WARNING   IMPLF-200            1  Pin '%s' in macro '%s' has no ANTENNAGAT...
WARNING   IMPFP-3961           2  The techSite '%s' has no related standar...
WARNING   TCLCMD-1461          2  Skipped unsupported command: %s          
WARNING   TECHLIB-302         20  No function defined for cell '%s'. The c...
WARNING   TECHLIB-436         20  Attribute '%s' on '%s' pin '%s' of cell ...
*** Message Summary: 68 warning(s), 0 error(s)

<CMD> getIoFlowFlag
<CMD> setIoFlowFlag 0
<CMD> floorPlan -site CoreSite -r 0.928716904277 0.9 5 5 5 5
**WARN: (IMPFP-325):	Floorplan of the design is resized. All current floorplan objects are automatically derived based on specified new floorplan. This may change blocks, fixed standard cells, existing routes and blockages.
<CMD> uiSetTool select
<CMD> getIoFlowFlag
<CMD> fit
<CMD> set ptngSprNoRefreshPins 1
<CMD> setPtnPinStatus -cell level_fsm -pin clk_i -status unplaced -silent
<CMD> set ptngSprNoRefreshPins 0
<CMD_INTERNAL> ptnSprRefreshPinsAndBlockages
<CMD> gui_select -rect {0.630 3.821 0.630 4.525}
<CMD> set ptngSprNoRefreshPins 1
<CMD> setPtnPinStatus -cell level_fsm -pin clk_i -status unplaced -silent
<CMD> set ptngSprNoRefreshPins 0
<CMD_INTERNAL> ptnSprRefreshPinsAndBlockages
<CMD> set ptngSprNoRefreshPins 1
<CMD> setPtnPinStatus -cell level_fsm -pin clk_i -status unplaced -silent
<CMD> set ptngSprNoRefreshPins 0
<CMD_INTERNAL> ptnSprRefreshPinsAndBlockages
<CMD> set ptngSprNoRefreshPins 1
<CMD> setPtnPinStatus -cell level_fsm -pin clk_i -status unplaced -silent
<CMD> setPtnPinStatus -cell level_fsm -pin VDD -status unplaced -silent
<CMD> setPtnPinStatus -cell level_fsm -pin VSS -status unplaced -silent
<CMD> set ptngSprNoRefreshPins 0
<CMD_INTERNAL> ptnSprRefreshPinsAndBlockages
<CMD> gui_select -rect {-0.133 0.011 -0.044 -0.025}
<CMD> gui_select -rect {-0.007 -0.024 -0.006 0.060}
<CMD> uiSetTool moveWire
<CMD> set layerNameNoAbbreviation 0
<CMD> set layerNameNoAbbreviation 1
<CMD> selectObject IO_Pin i2c_write_o
<CMD> set layerNameNoAbbreviation 0
<CMD> set layerNameNoAbbreviation 1
<CMD> deselectAll
<CMD> selectObject IO_Pin i2c_write_o
<CMD> uiSetTool moveWire
<CMD> set layerNameNoAbbreviation 0
<CMD> set layerNameNoAbbreviation 1
<CMD> deselectAll
<CMD> selectObject IO_Pin i2c_write_o
<CMD> set layerNameNoAbbreviation 0
<CMD> set layerNameNoAbbreviation 1
<CMD> deselectAll
<CMD> selectObject IO_Pin clk_i
<CMD> set layerNameNoAbbreviation 0
<CMD> set layerNameNoAbbreviation 1
<CMD> deselectAll
<CMD> selectObject IO_Pin i2c_write_o
<CMD> set layerNameNoAbbreviation 0
<CMD> set layerNameNoAbbreviation 1
<CMD> deselectAll
<CMD> selectObject IO_Pin clk_i
<CMD> set layerNameNoAbbreviation 0
<CMD> set layerNameNoAbbreviation 1
<CMD> deselectAll
<CMD> selectObject IO_Pin clk_i
<CMD> set layerNameNoAbbreviation 0
<CMD> set layerNameNoAbbreviation 1
<CMD> deselectAll
<CMD> getPinAssignMode -pinEditInBatch -quiet
<CMD> setPinAssignMode -pinEditInBatch true
<CMD> editPin -fixOverlap 1 -unit MICRON -spreadDirection clockwise -side Left -layer 5 -spreadType center -spacing 0.5 -pin {clk_i i2c_arb_lost_i i2c_busy_i {i2c_data_out_i[0]} {i2c_data_out_i[1]} {i2c_data_out_i[2]} {i2c_data_out_i[3]} {i2c_data_out_i[4]} {i2c_data_out_i[5]} {i2c_data_out_i[6]} {i2c_data_out_i[7]} i2c_data_out_valid_i i2c_rxak_i i2c_write_done_i reset_i}
Successfully spread [15] pins.
editPin : finished (cpu = 0:00:00.8 real = 0:00:22.0, mem = 934.9M).
<CMD> setPinAssignMode -pinEditInBatch false
<CMD> getPinAssignMode -pinEditInBatch -quiet
<CMD> setPinAssignMode -pinEditInBatch true
<CMD> editPin -fixOverlap 1 -unit MICRON -spreadDirection clockwise -side Left -layer 5 -spreadType center -spacing 0.5 -pin {clk_i i2c_arb_lost_i i2c_busy_i {i2c_data_out_i[0]} {i2c_data_out_i[1]} {i2c_data_out_i[2]} {i2c_data_out_i[3]} {i2c_data_out_i[4]} {i2c_data_out_i[5]} {i2c_data_out_i[6]} {i2c_data_out_i[7]} i2c_data_out_valid_i i2c_rxak_i i2c_write_done_i reset_i}
Successfully spread [15] pins.
editPin : finished (cpu = 0:00:00.0 real = 0:00:00.0, mem = 934.9M).
<CMD> setPinAssignMode -pinEditInBatch false
<CMD> getPinAssignMode -pinEditInBatch -quiet
<CMD> setPinAssignMode -pinEditInBatch true
<CMD> editPin -fixOverlap 1 -unit MICRON -spreadDirection clockwise -side Right -layer 5 -spreadType center -spacing 0.50 -pin {{led_o[0]} {led_o[1]} {led_o[2]} {led_o[3]} {led_o[4]} {led_o[5]} {led_o[6]} {led_o[7]} {led_o[8]} error_led_o {i2c_command_byte_o[0]} {i2c_command_byte_o[1]} {i2c_command_byte_o[2]} {i2c_command_byte_o[3]} {i2c_command_byte_o[4]} {i2c_command_byte_o[5]} {i2c_command_byte_o[6]} {i2c_command_byte_o[7]} {i2c_din_o[0]} {i2c_din_o[1]} {i2c_din_o[2]} {i2c_din_o[3]} {i2c_din_o[4]} {i2c_din_o[5]} {i2c_din_o[6]} {i2c_din_o[7]} {i2c_num_bytes_o[0]} {i2c_num_bytes_o[1]} {i2c_num_bytes_o[2]} {i2c_num_bytes_o[3]} {i2c_num_bytes_o[4]} {i2c_num_bytes_o[5]} {i2c_num_bytes_o[6]} {i2c_num_bytes_o[7]} i2c_read_o {i2c_slave_addr_o[0]} {i2c_slave_addr_o[1]} {i2c_slave_addr_o[2]} {i2c_slave_addr_o[3]} {i2c_slave_addr_o[4]} {i2c_slave_addr_o[5]} {i2c_slave_addr_o[6]} {i2c_slave_addr_o[7]} i2c_write_o}
Successfully spread [44] pins.
editPin : finished (cpu = 0:00:00.1 real = 0:00:02.0, mem = 934.9M).
<CMD> setPinAssignMode -pinEditInBatch false
<CMD> getPinAssignMode -pinEditInBatch -quiet
<CMD> setPinAssignMode -pinEditInBatch true
<CMD> editPin -pinWidth 0.08 -pinDepth 0.25 -fixOverlap 1 -unit MICRON -spreadDirection clockwise -side Right -layer 5 -spreadType center -spacing -0.57 -pin {{led_o[0]} {led_o[1]} {led_o[2]} {led_o[3]} {led_o[4]} {led_o[5]} {led_o[6]} {led_o[7]} {led_o[8]} error_led_o {i2c_command_byte_o[0]} {i2c_command_byte_o[1]} {i2c_command_byte_o[2]} {i2c_command_byte_o[3]} {i2c_command_byte_o[4]} {i2c_command_byte_o[5]} {i2c_command_byte_o[6]} {i2c_command_byte_o[7]} {i2c_din_o[0]} {i2c_din_o[1]} {i2c_din_o[2]} {i2c_din_o[3]} {i2c_din_o[4]} {i2c_din_o[5]} {i2c_din_o[6]} {i2c_din_o[7]} {i2c_num_bytes_o[0]} {i2c_num_bytes_o[1]} {i2c_num_bytes_o[2]} {i2c_num_bytes_o[3]} {i2c_num_bytes_o[4]} {i2c_num_bytes_o[5]} {i2c_num_bytes_o[6]} {i2c_num_bytes_o[7]} i2c_read_o {i2c_slave_addr_o[0]} {i2c_slave_addr_o[1]} {i2c_slave_addr_o[2]} {i2c_slave_addr_o[3]} {i2c_slave_addr_o[4]} {i2c_slave_addr_o[5]} {i2c_slave_addr_o[6]} {i2c_slave_addr_o[7]} i2c_write_o}
**ERROR: (IMPPTN-1668):	Specifying negative spacing value to spread the pins along the partition fence in anti-clockwise direction is obsolete. Use [-spreadDirection counterclockwise] option to specify the spreading direction.
<CMD> setPinAssignMode -pinEditInBatch false
<CMD> getPinAssignMode -pinEditInBatch -quiet
<CMD> setPinAssignMode -pinEditInBatch true
<CMD> editPin -pinWidth 0.08 -pinDepth 0.25 -fixOverlap 1 -unit MICRON -spreadDirection clockwise -side Right -layer 5 -spreadType center -spacing -0.57 -pin {{led_o[0]} {led_o[1]} {led_o[2]} {led_o[3]} {led_o[4]} {led_o[5]} {led_o[6]} {led_o[7]} {led_o[8]} error_led_o {i2c_command_byte_o[0]} {i2c_command_byte_o[1]} {i2c_command_byte_o[2]} {i2c_command_byte_o[3]} {i2c_command_byte_o[4]} {i2c_command_byte_o[5]} {i2c_command_byte_o[6]} {i2c_command_byte_o[7]} {i2c_din_o[0]} {i2c_din_o[1]} {i2c_din_o[2]} {i2c_din_o[3]} {i2c_din_o[4]} {i2c_din_o[5]} {i2c_din_o[6]} {i2c_din_o[7]} {i2c_num_bytes_o[0]} {i2c_num_bytes_o[1]} {i2c_num_bytes_o[2]} {i2c_num_bytes_o[3]} {i2c_num_bytes_o[4]} {i2c_num_bytes_o[5]} {i2c_num_bytes_o[6]} {i2c_num_bytes_o[7]} i2c_read_o {i2c_slave_addr_o[0]} {i2c_slave_addr_o[1]} {i2c_slave_addr_o[2]} {i2c_slave_addr_o[3]} {i2c_slave_addr_o[4]} {i2c_slave_addr_o[5]} {i2c_slave_addr_o[6]} {i2c_slave_addr_o[7]} i2c_write_o}
**ERROR: (IMPPTN-1668):	Specifying negative spacing value to spread the pins along the partition fence in anti-clockwise direction is obsolete. Use [-spreadDirection counterclockwise] option to specify the spreading direction.
<CMD> setPinAssignMode -pinEditInBatch false
<CMD> set layerNameNoAbbreviation 0
<CMD> set layerNameNoAbbreviation 1
<CMD> set layerNameNoAbbreviation 0
<CMD> set layerNameNoAbbreviation 1
<CMD> set layerNameNoAbbreviation 0
<CMD> set layerNameNoAbbreviation 1
<CMD> zoomBox 38.165 21.836 42.738 23.614
<CMD> set layerNameNoAbbreviation 0
<CMD> set layerNameNoAbbreviation 1
<CMD> fit
<CMD> getPinAssignMode -pinEditInBatch -quiet
<CMD> setPinAssignMode -pinEditInBatch true
<CMD> editPin -use GROUND -fixOverlap 1 -unit MICRON -spreadDirection clockwise -side Bottom -layer 5 -spreadType center -spacing 0.5 -pin {VDD VSS}
Successfully spread [2] pins.
editPin : finished (cpu = 0:00:00.0 real = 0:00:00.0, mem = 935.9M).
<CMD> setPinAssignMode -pinEditInBatch false
<CMD> getPinAssignMode -pinEditInBatch -quiet
<CMD> setPinAssignMode -pinEditInBatch true
<CMD> editPin -use GROUND -pinWidth 0.08 -pinDepth 0.25 -fixOverlap 1 -unit MICRON -spreadDirection clockwise -side Bottom -layer 5 -spreadType center -spacing -0.6 -pin {VDD VSS}
**ERROR: (IMPPTN-1668):	Specifying negative spacing value to spread the pins along the partition fence in anti-clockwise direction is obsolete. Use [-spreadDirection counterclockwise] option to specify the spreading direction.
<CMD> setPinAssignMode -pinEditInBatch false
<CMD> set layerNameNoAbbreviation 0
<CMD> set layerNameNoAbbreviation 1
<CMD> editSplit
<CMD> set layerNameNoAbbreviation 0
<CMD> set layerNameNoAbbreviation 1
<CMD> set sprCreateIeRingOffset 1.0
<CMD> set sprCreateIeRingThreshold 1.0
<CMD> set sprCreateIeRingJogDistance 1.0
<CMD> set sprCreateIeRingLayers {}
<CMD> set sprCreateIeRingOffset 1.0
<CMD> set sprCreateIeRingThreshold 1.0
<CMD> set sprCreateIeRingJogDistance 1.0
<CMD> set sprCreateIeRingLayers {}
<CMD> set sprCreateIeStripeWidth 10.0
<CMD> set sprCreateIeStripeThreshold 1.0
<CMD> set sprCreateIeStripeWidth 10.0
<CMD> set sprCreateIeStripeThreshold 1.0
<CMD> set sprCreateIeRingOffset 1.0
<CMD> set sprCreateIeRingThreshold 1.0
<CMD> set sprCreateIeRingJogDistance 1.0
<CMD> set sprCreateIeRingLayers {}
<CMD> set sprCreateIeStripeWidth 10.0
<CMD> set sprCreateIeStripeThreshold 1.0
<CMD> setAddRingMode -ring_target default -extend_over_row 0 -ignore_rows 0 -avoid_short 0 -skip_crossing_trunks none -stacked_via_top_layer Metal11 -stacked_via_bottom_layer Metal1 -via_using_exact_crossover_size 1 -orthogonal_only true -skip_via_on_pin {  standardcell } -skip_via_on_wire_shape {  noshape }
The ring targets are set to core/block ring wires.
addRing command will consider rows while creating rings.
addRing command will disallow rings to go over rows.
addRing command will ignore shorts while creating rings.
<CMD> addRing -nets {VDD VSS} -type core_rings -follow core -layer {top Metal1 bottom Metal1 left Metal2 right Metal2} -width {top 1.5 bottom 1.5 left 1.5 right 1.5} -spacing {top 0.5 bottom 0.5 left 0.5 right 0.5} -offset {top 0.5 bottom 0.5 left 0.5 right 0.5} -center 0 -extend_corner {} -threshold 0 -jog_distance 0 -snap_wire_center_to_grid None

Ring generation is complete.
vias are now being generated.
addRing created 8 wires.
ViaGen created 8 vias, deleted 0 via to avoid violation.
+--------+----------------+----------------+
|  Layer |     Created    |     Deleted    |
+--------+----------------+----------------+
| Metal1 |        4       |       NA       |
|  Via1  |        8       |        0       |
| Metal2 |        4       |       NA       |
+--------+----------------+----------------+
<CMD> set layerNameNoAbbreviation 0
<CMD> set layerNameNoAbbreviation 1
<CMD> clearGlobalNets
net ignore based on current view = 0
<CMD> globalNetConnect VDD -type pgpin -pin VDD -instanceBasename *
<CMD> globalNetConnect VSS -type pgpin -pin VSS -instanceBasename *
<CMD> clearGlobalNets
<CMD> globalNetConnect VDD -type pgpin -pin VDD -instanceBasename *
<CMD> globalNetConnect VSS -type pgpin -pin VSS -instanceBasename *
<CMD> setSrouteMode -viaConnectToShape { noshape }
<CMD> sroute -connect { blockPin padPin padRing corePin floatingStripe } -layerChangeRange { Metal1(1) Metal11(11) } -blockPinTarget { nearestTarget } -padPinPortConnect { allPort oneGeom } -padPinTarget { nearestTarget } -corePinTarget { firstAfterRowEnd } -floatingStripeTarget { blockring padring ring stripe ringpin blockpin followpin } -allowJogging 1 -crossoverViaLayerRange { Metal1(1) Metal11(11) } -nets { VDD VSS } -allowLayerChange 1 -blockPin useLef -targetViaLayerRange { Metal1(1) Metal11(11) }
*** Begin SPECIAL ROUTE on Wed Nov 17 10:53:53 2021 ***
SPECIAL ROUTE ran on directory: /ubc/ece/home/ugrads/l/l9w0b/Documents/level_project/place-n-route
SPECIAL ROUTE ran on machine: ssh-soc.ece.ubc.ca (Linux 3.10.0-1160.15.2.el7.x86_64 Xeon 2.19Ghz)

Begin option processing ...
srouteConnectPowerBump set to false
routeSelectNet set to "VDD VSS"
routeSpecial set to true
srouteBlockPin set to "useLef"
srouteBottomLayerLimit set to 1
srouteBottomTargetLayerLimit set to 1
srouteConnectConverterPin set to false
srouteCrossoverViaBottomLayer set to 1
srouteCrossoverViaTopLayer set to 11
srouteFloatingStripeTarget set to "blockring padring ring stripe ringpin blockpin followpin"
srouteFollowCorePinEnd set to 3
srouteJogControl set to "preferWithChanges differentLayer"
srouteNoViaOnWireShape set to "padring ring stripe blockring blockpin coverpin blockwire corewire followpin iowire"
sroutePadPinAllPorts set to true
sroutePreserveExistingRoutes set to true
srouteRoutePowerBarPortOnBothDir set to true
srouteStopBlockPin set to "nearestTarget"
srouteTopLayerLimit set to 11
srouteTopTargetLayerLimit set to 11
End option processing: cpu: 0:00:00, real: 0:00:00, peak: 1768.00 megs.

Reading DB technology information...
Finished reading DB technology information.
Reading floorplan and netlist information...
Finished reading floorplan and netlist information.
**WARN: (IMPSR-4302):	Cap-table/qrcTechFile is found in the design, so the same information from the technology file will be ignored.
Read in 24 layers, 11 routing layers, 1 overlap layer
Read in 2 nondefault rules, 0 used
Read in 583 macros, 30 used
Read in 30 components
  30 core components: 30 unplaced, 0 placed, 0 fixed
Read in 61 physical pins
  61 physical pins: 0 unplaced, 61 placed, 0 fixed
Read in 33 nets
Read in 2 special nets, 2 routed
Read in 121 terminals
2 nets selected.

Begin power routing ...
**WARN: (IMPSR-1254):	Cannot find any block pin of net VDD. Check netlist, or change option to include the pin.
**WARN: (IMPSR-1256):	Cannot find any CORE class pad pin of net VDD. Change routing area or layer to include the expected pin, or check netlist, or change port class in the technology file.
Type 'man IMPSR-1256' for more detail.
Cannot find any AREAIO class pad pin of net VDD. Check net list, or change port class in the technology file, or change option to include pin in given range.
**WARN: (IMPSR-1254):	Cannot find any block pin of net VSS. Check netlist, or change option to include the pin.
**WARN: (IMPSR-1256):	Cannot find any CORE class pad pin of net VSS. Change routing area or layer to include the expected pin, or check netlist, or change port class in the technology file.
Type 'man IMPSR-1256' for more detail.
Cannot find any AREAIO class pad pin of net VSS. Check net list, or change port class in the technology file, or change option to include pin in given range.
CPU time for FollowPin 0 seconds
CPU time for FollowPin 0 seconds
  Number of IO ports routed: 0
  Number of Block ports routed: 0
  Number of Stripe ports routed: 0
  Number of Core ports routed: 22
  Number of Pad ports routed: 0
  Number of Power Bump ports routed: 0
  Number of Followpin connections: 11
End power routing: cpu: 0:00:00, real: 0:00:00, peak: 1785.00 megs.



 Begin updating DB with routing results ...
 Updating DB with 61 io pins ...
 Updating DB with 0 via definition ...Extracting standard cell pins and blockage ...... 
Pin and blockage extraction finished

sroute created 33 wires.
ViaGen created 22 vias, deleted 0 via to avoid violation.
+--------+----------------+----------------+
|  Layer |     Created    |     Deleted    |
+--------+----------------+----------------+
| Metal1 |       33       |       NA       |
|  Via1  |       22       |        0       |
+--------+----------------+----------------+
**WARN: (IMPTCM-125):	Option "-doCongOpt" for command getPlaceMode is obsolete and will be ignored. It no longer has any effect and should be removed from your script.
<CMD> setRouteMode -earlyGlobalHonorMsvRouteConstraint false -earlyGlobalRoutePartitionPinGuide true
<CMD> setEndCapMode -reset
<CMD> setEndCapMode -boundary_tap false
<CMD> setNanoRouteMode -quiet -droutePostRouteSpreadWire 1
<CMD> setNanoRouteMode -quiet -droutePostRouteWidenWireRule LEFSpecialRouteSpec
<CMD> setNanoRouteMode -quiet -timingEngine {}
<CMD> setUsefulSkewMode -maxSkew false -noBoundary false -useCells {DLY4X4 DLY4X1 DLY3X4 DLY3X1 DLY2X4 DLY2X1 DLY1X4 DLY1X1 CLKBUFX8 CLKBUFX6 CLKBUFX4 CLKBUFX3 CLKBUFX20 CLKBUFX2 CLKBUFX16 CLKBUFX12 BUFX8 BUFX6 BUFX4 BUFX3 BUFX20 BUFX2 BUFX16 BUFX12 INVXL INVX8 INVX6 INVX4 INVX3 INVX20 INVX2 INVX16 INVX12 INVX1 CLKINVX8 CLKINVX6 CLKINVX4 CLKINVX3 CLKINVX20 CLKINVX2 CLKINVX16 CLKINVX12 CLKINVX1} -maxAllowedDelay 1
<CMD> setPlaceMode -reset
<CMD> setPlaceMode -congEffort auto -timingDriven 1 -clkGateAware 1 -powerDriven 0 -ignoreScan 1 -reorderScan 1 -ignoreSpare 0 -placeIOPins 1 -moduleAwareSpare 0 -preserveRouting 0 -rmAffectedRouting 0 -checkRoute 0 -swapEEQ 0
<CMD> setRouteMode -earlyGlobalHonorMsvRouteConstraint false -earlyGlobalRoutePartitionPinGuide true
<CMD> setEndCapMode -reset
<CMD> setEndCapMode -boundary_tap false
<CMD> setUsefulSkewMode -maxSkew false -noBoundary false -useCells {DLY4X4 DLY4X1 DLY3X4 DLY3X1 DLY2X4 DLY2X1 DLY1X4 DLY1X1 CLKBUFX8 CLKBUFX6 CLKBUFX4 CLKBUFX3 CLKBUFX20 CLKBUFX2 CLKBUFX16 CLKBUFX12 BUFX8 BUFX6 BUFX4 BUFX3 BUFX20 BUFX2 BUFX16 BUFX12 INVXL INVX8 INVX6 INVX4 INVX3 INVX20 INVX2 INVX16 INVX12 INVX1 CLKINVX8 CLKINVX6 CLKINVX4 CLKINVX3 CLKINVX20 CLKINVX2 CLKINVX16 CLKINVX12 CLKINVX1} -maxAllowedDelay 1
<CMD> setPlaceMode -fp false
<CMD> place_design
*** Starting placeDesign default flow ***
*** Start deleteBufferTree ***
Info: Detect buffers to remove automatically.
Analyzing netlist ...
Updating netlist

*summary: 0 instances (buffers/inverters) removed
*** Finish deleteBufferTree (0:00:00.1) ***
**INFO: Enable pre-place timing setting for timing analysis
Set Using Default Delay Limit as 101.
**WARN: (IMPDC-1629):	The default delay limit was set to 101. This is less than the default of 1000 and may result in inaccurate delay calculation for nets with a fanout higher than the setting.  If needed, the default delay limit may be adjusted by running the command 'set delaycal_use_default_delay_limit'.
Set Default Net Delay as 0 ps.
Set Default Net Load as 0 pF. 
**INFO: Analyzing IO path groups for slack adjustment
Effort level <high> specified for reg2reg_tmp.91461 path_group
AAE DB initialization (MEM=1007.51 CPU=0:00:00.2 REAL=0:00:00.0) 
#################################################################################
# Design Stage: PreRoute
# Design Name: level_fsm
# Design Mode: 90nm
# Analysis Mode: MMMC Non-OCV 
# Parasitics Mode: No SPEF/RCDB
# Signoff Settings: SI Off 
#################################################################################
Calculate delays in BcWc mode...
Start delay calculation (fullDC) (1 T). (MEM=1007.51)
Total number of fetched objects 162
End delay calculation. (MEM=1133.96 CPU=0:00:00.1 REAL=0:00:00.0)
End delay calculation (fullDC). (MEM=1122.42 CPU=0:00:00.5 REAL=0:00:03.0)
**INFO: Disable pre-place timing setting for timing analysis
Set Using Default Delay Limit as 1000.
Set Default Net Delay as 1000 ps.
Set Default Net Load as 0.5 pF. 
**INFO: Pre-place timing setting for timing analysis already disabled
Deleted 0 physical inst  (cell - / prefix -).
*** Starting "NanoPlace(TM) placement v#1 (mem=1108.3M)" ...
*** Build Buffered Sizing Timing Model
(cpu=0:00:01.7 mem=1108.3M) ***
*** Build Virtual Sizing Timing Model
(cpu=0:00:01.9 mem=1108.3M) ***
No user-set net weight.
Options: timingDriven clkGateAware ignoreScan pinGuide congEffort=auto gpeffort=medium 
**WARN: (IMPSP-9042):	Scan chains were not defined, -place_global_ignore_scan option will be ignored.
Define the scan chains before using this option.
Type 'man IMPSP-9042' for more detail.
#std cell=147 (0 fixed + 147 movable) #block=0 (0 floating + 0 preplaced)
#ioInst=0 #net=162 #term=578 #term/net=3.57, #fixedIo=0, #floatIo=0, #fixedPin=0, #floatPin=59
stdCell: 147 single + 0 double + 0 multi
Total standard cell length = 0.1856 (mm), area = 0.0003 (mm^2)
Estimated cell power/ground rail width = 0.160 um
Average module density = 0.937.
Density for the design = 0.937.
       = stdcell_area 928 sites (317 um^2) / alloc_area 991 sites (339 um^2).
Pin Density = 0.5558.
            = total # of pins 578 / total area 1040.
=== lastAutoLevel = 5 
Clock gating cells determined by native netlist tracing.
Iteration  1: Total net bbox = 9.610e+02 (6.80e+02 2.81e+02)
              Est.  stn bbox = 1.054e+03 (7.38e+02 3.16e+02)
              cpu = 0:00:00.0 real = 0:00:00.0 mem = 1101.5M
Iteration  2: Total net bbox = 9.610e+02 (6.80e+02 2.81e+02)
              Est.  stn bbox = 1.054e+03 (7.38e+02 3.16e+02)
              cpu = 0:00:00.0 real = 0:00:00.0 mem = 1102.5M
Iteration  3: Total net bbox = 8.146e+02 (5.56e+02 2.59e+02)
              Est.  stn bbox = 9.186e+02 (6.22e+02 2.96e+02)
              cpu = 0:00:00.0 real = 0:00:01.0 mem = 1118.5M
Active setup views:
    av_lsMax_rcWorst_cmFunc
Iteration  4: Total net bbox = 1.003e+03 (6.78e+02 3.25e+02)
              Est.  stn bbox = 1.126e+03 (7.53e+02 3.73e+02)
              cpu = 0:00:00.1 real = 0:00:00.0 mem = 1118.5M
Iteration  5: Total net bbox = 1.071e+03 (6.58e+02 4.13e+02)
              Est.  stn bbox = 1.205e+03 (7.32e+02 4.72e+02)
              cpu = 0:00:00.1 real = 0:00:00.0 mem = 1118.5M
Iteration  6: Total net bbox = 1.000e+03 (7.08e+02 2.93e+02)
              Est.  stn bbox = 1.118e+03 (7.84e+02 3.35e+02)
              cpu = 0:00:00.3 real = 0:00:03.0 mem = 1118.5M
*** cost = 1.000e+03 (7.08e+02 2.93e+02) (cpu for global=0:00:00.3) real=0:00:03.0***
Info: 0 clock gating cells identified, 0 (on average) moved 0/1
Solver runtime cpu: 0:00:00.2 real: 0:00:00.3
Core Placement runtime cpu: 0:00:00.3 real: 0:00:02.0
**WARN: (IMPSP-9025):	No scan chain specified/traced.
Type 'man IMPSP-9025' for more detail.
*** Starting refinePlace (0:03:18 mem=1118.5M) ***
Total net bbox length = 1.014e+03 (7.078e+02 3.062e+02) (ext = 2.976e+02)
Move report: Detail placement moves 146 insts, mean move: 1.62 um, max move: 6.07 um
	Max move on inst (g2749): (17.28, 10.97) --> (12.20, 11.97)
	Runtime: CPU: 0:00:00.1 REAL: 0:00:01.0 MEM: 1118.5MB
Summary Report:
Instances move: 146 (out of 147 movable)
Instances flipped: 1
Mean displacement: 1.62 um
Max displacement: 6.07 um (Instance: g2749) (17.2755, 10.9735) -> (12.2, 11.97)
	Length: 3 sites, height: 1 rows, site name: CoreSite, cell type: NAND2X1
Total net bbox length = 1.126e+03 (7.429e+02 3.830e+02) (ext = 3.001e+02)
Runtime: CPU: 0:00:00.1 REAL: 0:00:01.0 MEM: 1118.5MB
*** Finished refinePlace (0:03:18 mem=1118.5M) ***
*** End of Placement (cpu=0:00:02.9, real=0:00:09.0, mem=1118.5M) ***
default core: bins with density > 0.750 = 50.00 % ( 1 / 2 )
Density distribution unevenness ratio = 0.497%
*** Free Virtual Timing Model ...(mem=1118.5M)
Starting IO pin assignment...
The design is not routed. Using placement based method for pin assignment.
Completed IO pin assignment.

Starting congestion repair ...
[NR-eGR] honorMsvRouteConstraint: false
[NR-eGR] honorClockSpecNDR      : 0
[NR-eGR] minRouteLayer          : 2
[NR-eGR] maxRouteLayer          : 127
[NR-eGR] numTracksPerClockWire  : 0
[NR-eGR] Metal1 has no routable track
[NR-eGR] Metal2 has single uniform track structure
[NR-eGR] Metal3 has single uniform track structure
[NR-eGR] Metal4 has single uniform track structure
[NR-eGR] Metal5 has single uniform track structure
[NR-eGR] Metal6 has single uniform track structure
[NR-eGR] Metal7 has single uniform track structure
[NR-eGR] Metal8 has single uniform track structure
[NR-eGR] Metal9 has single uniform track structure
[NR-eGR] Metal10 has single uniform track structure
[NR-eGR] Metal11 has single uniform track structure
[NR-eGR] Read 34 PG shapes in 0.000 seconds

[NR-eGR] numRoutingBlks=0 numInstBlks=0 numPGBlocks=34 numBumpBlks=0 numBoundaryFakeBlks=0
[NR-eGR] Num Prerouted Nets = 0  Num Prerouted Wires = 0
[NR-eGR] Read numTotalNets=162  numIgnoredNets=0
[NR-eGR] There are 1 clock nets ( 0 with NDR ).
[NR-eGR] ============ Routing rule table ============
[NR-eGR] Rule id: 0  Nets: 162 
[NR-eGR] ========================================
[NR-eGR] 
[NR-eGR] Layer group 1: route 162 net(s) in layer range [2, 11]
[NR-eGR] earlyGlobalRoute overflow of layer group 1: 0.00% H + 0.00% V. EstWL: 1.142280e+03um
[NR-eGR] 
[NR-eGR] Congestion Analysis By layer: (blocked Gcells are excluded) 
[NR-eGR]                        OverCon            
[NR-eGR]                         #Gcell     %Gcell
[NR-eGR]       Layer                (0)    OverCon 
[NR-eGR] ----------------------------------------------
[NR-eGR]  Metal1  (1)         0( 0.00%)   ( 0.00%) 
[NR-eGR]  Metal2  (2)         0( 0.00%)   ( 0.00%) 
[NR-eGR]  Metal3  (3)         0( 0.00%)   ( 0.00%) 
[NR-eGR]  Metal4  (4)         0( 0.00%)   ( 0.00%) 
[NR-eGR]  Metal5  (5)         0( 0.00%)   ( 0.00%) 
[NR-eGR]  Metal6  (6)         0( 0.00%)   ( 0.00%) 
[NR-eGR]  Metal7  (7)         0( 0.00%)   ( 0.00%) 
[NR-eGR]  Metal8  (8)         0( 0.00%)   ( 0.00%) 
[NR-eGR]  Metal9  (9)         0( 0.00%)   ( 0.00%) 
[NR-eGR] Metal10 (10)         0( 0.00%)   ( 0.00%) 
[NR-eGR] Metal11 (11)         0( 0.00%)   ( 0.00%) 
[NR-eGR] ----------------------------------------------
[NR-eGR] Total                0( 0.00%)   ( 0.00%) 
[NR-eGR] 
[NR-eGR] Overflow after earlyGlobalRoute (GR compatible) 0.00% H + 0.00% V
[NR-eGR] Overflow after earlyGlobalRoute 0.00% H + 0.00% V
Early Global Route congestion estimation runtime: 0.07 seconds, mem = 1118.5M
Local HotSpot Analysis: normalized max congestion hotspot area = 0.00, normalized total congestion hotspot area = 0.00 (area is in unit of 4 std-cell row bins)

=== incrementalPlace Internal Loop 1 ===
Skipped repairing congestion.
[NR-eGR] --------------------------------------------------------------------------
[NR-eGR] Metal1  (1F) length: 0.000000e+00um, number of vias: 519
[NR-eGR] Metal2  (2V) length: 5.305400e+02um, number of vias: 708
[NR-eGR] Metal3  (3H) length: 5.856000e+02um, number of vias: 99
[NR-eGR] Metal4  (4V) length: 1.031825e+02um, number of vias: 28
[NR-eGR] Metal5  (5H) length: 5.870000e+01um, number of vias: 6
[NR-eGR] Metal6  (6V) length: 4.500000e-01um, number of vias: 3
[NR-eGR] Metal7  (7H) length: 1.700000e+01um, number of vias: 1
[NR-eGR] Metal8  (8V) length: 0.000000e+00um, number of vias: 1
[NR-eGR] Metal9  (9H) length: 7.500000e+00um, number of vias: 0
[NR-eGR] Metal10 (10V) length: 0.000000e+00um, number of vias: 0
[NR-eGR] Metal11 (11H) length: 0.000000e+00um, number of vias: 0
[NR-eGR] Total length: 1.302972e+03um, number of vias: 1365
[NR-eGR] --------------------------------------------------------------------------
[NR-eGR] Total eGR-routed clock nets wire length: 9.437500e+01um 
[NR-eGR] --------------------------------------------------------------------------
Early Global Route wiring runtime: 0.05 seconds, mem = 1102.6M
End of congRepair (cpu=0:00:00.2, real=0:00:01.0)
*** Finishing placeDesign default flow ***
**placeDesign ... cpu = 0: 0: 4, real = 0: 0:17, mem = 1102.6M **

*** Summary of all messages that are not suppressed in this session:
Severity  ID               Count  Summary                                  
WARNING   IMPDC-1629           1  The default delay limit was set to %d. T...
WARNING   IMPSP-9025           1  No scan chain specified/traced.          
WARNING   IMPSP-9042           1  Scan chains were not defined, -place_glo...
*** Message Summary: 3 warning(s), 0 error(s)

<CMD> set layerNameNoAbbreviation 0
<CMD> set layerNameNoAbbreviation 1
<CMD> selectObject IO_Pin i2c_arb_lost_i
<CMD> set layerNameNoAbbreviation 0
<CMD> set layerNameNoAbbreviation 1
<CMD> deselectAll
<CMD> selectObject IO_Pin i2c_arb_lost_i
<CMD> set layerNameNoAbbreviation 0
<CMD> set layerNameNoAbbreviation 1
<CMD> deselectAll
<CMD> editSplit
<CMD> set layerNameNoAbbreviation 0
<CMD> set layerNameNoAbbreviation 1
<CMD> getCTSMode -engine -quiet
<CMD> set layerNameNoAbbreviation 0
<CMD> set layerNameNoAbbreviation 1
<CMD> editSplit
