\o Program:		@(#)$CDS: libManager version 6.1.8 - CAT37 02/01/2019 12:41 (sjfhw303) $
\o Sub version:		sub-version  s010 
\o Arguments:		-mpssession virtuoso20883 -mpshost ssh-soc.ece.ubc.ca 
\o Working Directory:	ssh-soc.ece.ubc.ca:/ubc/ece/home/ugrads/l/l9w0b/Documents/level_project/virt_2
\o 64-bit offsets
\o Qt version: 		5.9.1
\o Log file is "/ubc/ece/home/ugrads/l/l9w0b/Documents/level_project/virt_2/libManager.log".
\o Opening libManager window.
\a nrSetCurrentWindow(cdsLibManager)
\a nrResizeWindow(cdsLibManager list(0 31 1644 845))
\o changeWorkingDir("/ubc/ece/home/ugrads/l/l9w0b/Documents/level_project/virt_2") unnecessary.
\o ddSetForcedLib("") unnecessary.
\o MPS service: map window
\o Library Manager customization server connected.
\a cdsLibManager->libListBox->value = "level_fsm_pnr"
\a cdsLibManager->libLineEdit->value = "level_fsm_pnr"
\a cdsLibManager->libListBox->value = "level_fsm_schematic"
\a cdsLibManager->libLineEdit->value = "level_fsm_schematic"
\a cdsLibManager->libLineEdit->value = ""
\a cdsLibManager->libListBox->value = nil
\a nrListItemAction(cdsLibManager->libListBox "level_fsm_schematic" 0)
\a cdsLibManager->libListBox->value = "level_fsm_schematic"
\a cdsLibManager->libLineEdit->value = "level_fsm_schematic"
\a cdsLibManager->libLineEdit->value = ""
\a cdsLibManager->libListBox->value = nil
\a nrListItemAction(cdsLibManager->libListBox "level_fsm_schematic" 0)
\a cdsLibManager->libListBox->value = "level_fsm_schematic"
\a cdsLibManager->libLineEdit->value = "level_fsm_schematic"
\a lmgrLogShowPopup("mainListPopup0" 68 162 2 "level_fsm_schematic")
\a nrSetCurrentWindow(cdsLibManager)
\a cdsLibManager->libLineEdit->value = ""
\a cdsLibManager->libListBox->value = nil
\a nrListItemAction(cdsLibManager->libListBox "level_fsm_schematic" 0)
\a cdsLibManager->libListBox->value = "level_fsm_schematic"
\a cdsLibManager->libLineEdit->value = "level_fsm_schematic"
\a cdsLibManager->cellListBox->value = "level_fsm"
\a cdsLibManager->cellLineEdit->value = "level_fsm"
\a cdsLibManager->viewListBox->value = "schematic"
\a cdsLibManager->viewLineEdit->value = "schematic"
\o MPS request: edit design
\a nrListItemAction(cdsLibManager->gdmXTView 0 0)
\a cdsLibManager->libListBox->value = nil
\a cdsLibManager->libLineEdit->value = ""
\a cdsLibManager->cellListBox->value = nil
\a cdsLibManager->viewLineEdit->value = ""
\a cdsLibManager->viewListBox->value = nil
\a cdsLibManager->cellLineEdit->value = ""
\a cdsLibManager->libListBox->value = "level_fsm_schematic"
\a cdsLibManager->libLineEdit->value = "level_fsm_schematic"
\a cdsLibManager->cellListBox->value = "level_fsm"
\a cdsLibManager->cellLineEdit->value = "level_fsm"
\a cdsLibManager->viewListBox->value = "schematic"
\a cdsLibManager->viewLineEdit->value = "schematic"
\a cdsLibManager->cellLineEdit->value = ""
\a cdsLibManager->cellListBox->value = nil
\a cdsLibManager->viewLineEdit->value = ""
\a cdsLibManager->viewListBox->value = nil
\a cdsLibManager->cellListBox->value = "level_fsm"
\a cdsLibManager->cellLineEdit->value = "level_fsm"
\a cdsLibManager->viewListBox->value = "schematic"
\a cdsLibManager->viewLineEdit->value = "schematic"
\a cdsLibManager->viewLineEdit->value = ""
\a cdsLibManager->viewListBox->value = nil
\a cdsLibManager->viewListBox->value = "schematic"
\a cdsLibManager->viewLineEdit->value = "schematic"
\a cdsLibManager->viewLineEdit->value = ""
\a cdsLibManager->viewListBox->value = nil
\a cdsLibManager->viewListBox->value = "schematic"
\a cdsLibManager->viewLineEdit->value = "schematic"
\a nrSetCurrentWindow(cdsLibManager)
\a nrSetCurrentWindow(cdsLibManager)
\a cdsLibManager->cellLineEdit->value = ""
\a cdsLibManager->cellListBox->value = nil
\a cdsLibManager->viewLineEdit->value = ""
\a cdsLibManager->viewListBox->value = nil
\a lmgrLogShowPopup("mainListPopup1" 214 70 2 "")
\a cdsLibManager->libListBox->value = "sample"
\a cdsLibManager->libLineEdit->value = "sample"
\a cdsLibManager->libListBox->value = "level_fsm_schematic"
\a cdsLibManager->libLineEdit->value = "level_fsm_schematic"
\a cdsLibManager->cellListBox->value = "level_fsm"
\a cdsLibManager->cellLineEdit->value = "level_fsm"
\a cdsLibManager->viewListBox->value = "schematic"
\a cdsLibManager->viewLineEdit->value = "schematic"
\a cdsLibManager->libListBox->value = "level_fsm_pnr"
\a cdsLibManager->libLineEdit->value = "level_fsm_pnr"
\a cdsLibManager->cellLineEdit->value = ""
\a cdsLibManager->cellListBox->value = nil
\a cdsLibManager->viewLineEdit->value = ""
\a cdsLibManager->viewListBox->value = nil
\a cdsLibManager->cellListBox->value = "level_fsm"
\a cdsLibManager->cellLineEdit->value = "level_fsm"
\a cdsLibManager->viewListBox->value = "layout"
\a cdsLibManager->viewLineEdit->value = "layout"
\a cdsLibManager->viewLineEdit->value = ""
\a cdsLibManager->viewListBox->value = nil
\a cdsLibManager->viewListBox->value = "layout"
\a cdsLibManager->viewLineEdit->value = "layout"
\a cdsLibManager->viewLineEdit->value = ""
\a cdsLibManager->viewListBox->value = nil
\a cdsLibManager->viewListBox->value = "layout"
\a cdsLibManager->viewLineEdit->value = "layout"
\a cdsLibManager->libListBox->value = "level_fsm_schematic"
\a cdsLibManager->libLineEdit->value = "level_fsm_schematic"
\a cdsLibManager->cellLineEdit->value = ""
\a cdsLibManager->cellListBox->value = nil
\a cdsLibManager->viewLineEdit->value = ""
\a cdsLibManager->viewListBox->value = nil
\a cdsLibManager->cellListBox->value = "level_fsm"
\a cdsLibManager->cellLineEdit->value = "level_fsm"
\a nrSetCurrentWindow(cdsLibManager)
\a cdsLibManager->cellLineEdit->value = ""
\a cdsLibManager->cellListBox->value = nil
\a lmgrLogShowPopup("mainListPopup1" 178 85 2 "")
\a cdsLibManager->libListBox->value = "basic"
\a cdsLibManager->libLineEdit->value = "basic"
\a cdsLibManager->libListBox->value = "connectLib"
\a cdsLibManager->libLineEdit->value = "connectLib"
\a cdsLibManager->libListBox->value = "level_fsm_pnr"
\a cdsLibManager->libLineEdit->value = "level_fsm_pnr"
\a cdsLibManager->cellListBox->value = "level_fsm"
\a cdsLibManager->cellLineEdit->value = "level_fsm"
\a cdsLibManager->viewListBox->value = "layout"
\a cdsLibManager->viewLineEdit->value = "layout"
\a cdsLibManager->libListBox->value = "level_fsm_schematic"
\a cdsLibManager->libLineEdit->value = "level_fsm_schematic"
\a cdsLibManager->cellLineEdit->value = ""
\a cdsLibManager->cellListBox->value = nil
\a cdsLibManager->viewLineEdit->value = ""
\a cdsLibManager->viewListBox->value = nil
\a cdsLibManager->cellListBox->value = "level_fsm"
\a cdsLibManager->cellLineEdit->value = "level_fsm"
\a cdsLibManager->viewListBox->value = "schematic"
\a cdsLibManager->viewLineEdit->value = "schematic"
\a cdsLibManager->viewListBox->value = "symbol"
\a cdsLibManager->viewLineEdit->value = "symbol"
\a cdsLibManager->viewListBox->value = "schematic"
\a cdsLibManager->viewLineEdit->value = "schematic"
\a cdsLibManager->libListBox->value = "sample"
\a cdsLibManager->libLineEdit->value = "sample"
\a cdsLibManager->cellLineEdit->value = ""
\a cdsLibManager->cellListBox->value = nil
\a cdsLibManager->viewLineEdit->value = ""
\a cdsLibManager->viewListBox->value = nil
\a cdsLibManager->libListBox->value = "level_fsm_schematic"
\a cdsLibManager->libLineEdit->value = "level_fsm_schematic"
\a cdsLibManager->cellListBox->value = "level_fsm"
\a cdsLibManager->cellLineEdit->value = "level_fsm"
\a cdsLibManager->viewListBox->value = "schematic"
\a cdsLibManager->viewLineEdit->value = "schematic"
\a nrSetWindowVisibility(cdsLibManager "hide")
\a nrSetWindowVisibility(cdsLibManager "show")
\a nrSetCurrentWindow(cdsLibManager)
\a nrSetCurrentWindow(cdsLibManager)
\a nrResizeWindow(cdsLibManager list(282 288 1644 845))
\a cdsLibManager->cellLineEdit->value = ""
\a cdsLibManager->cellListBox->value = nil
\a cdsLibManager->viewLineEdit->value = ""
\a cdsLibManager->viewListBox->value = nil
\a cdsLibManager->libLineEdit->value = ""
\a cdsLibManager->libListBox->value = nil
\a lmgrLogShowPopup("mainListPopup0" 59 288 2 "")
\a cdsLibManager->FileNewLibButton->value = t
\a nrSetWindowVisibility(NewLibShell "show")
\a nrSetCurrentWindow(NewLibShell)
\a nrSetCurrentWindow(NewLibShell->subDialog)
\a nrResizeWindow(NewLibShell list(848 402 507 559))
\a nrSetCurrentWindow(cdsLibManager)
\a nrSetCurrentWindow(cdsLibManager)
\a cdsLibManager->libListBox->value = "level_fsm_pnr"
\a cdsLibManager->libLineEdit->value = "level_fsm_pnr"
\a cdsLibManager->libListBox->value = "level_fsm_schematic"
\a cdsLibManager->libLineEdit->value = "level_fsm_schematic"
\a cdsLibManager->cellListBox->value = "level_fsm"
\a cdsLibManager->cellLineEdit->value = "level_fsm"
\a cdsLibManager->viewListBox->value = "schematic"
\a cdsLibManager->viewLineEdit->value = "schematic"
\a cdsLibManager->cellLineEdit->value = ""
\a cdsLibManager->cellListBox->value = nil
\a cdsLibManager->viewLineEdit->value = ""
\a cdsLibManager->viewListBox->value = nil
\a lmgrLogShowPopup("mainListPopup0" 79 158 2 "level_fsm_schematic")
\a lmgrLogShowPopup("mainListPopup1" 153 169 2 "")
\a cdsLibManager->FileNewCVButton->value = t
\a nrSetCurrentWindow(cdsLibManager)
\a cdsLibManager->cellListBox->value = "level_fsm_block"
\a cdsLibManager->cellLineEdit->value = "level_fsm_block"
\a cdsLibManager->viewListBox->value = "schematic"
\a cdsLibManager->viewLineEdit->value = "schematic"
\a nrSetCurrentWindow(cdsLibManager)
\a cdsLibManager->viewListBox->value = nil
\a cdsLibManager->viewLineEdit->value = ""
\a nrSetCurrentWindow(cdsLibManager)
\a cdsLibManager->viewListBox->value = "schematic"
\a cdsLibManager->viewLineEdit->value = "schematic"
\o MPS request: edit design
\a nrListItemAction(cdsLibManager->gdmXTView 0 1)
\a nrSetCurrentWindow(cdsLibManager)
\a cdsLibManager->libListBox->value = "level_fsm_pnr"
\a cdsLibManager->libLineEdit->value = "level_fsm_pnr"
\a cdsLibManager->cellLineEdit->value = ""
\a cdsLibManager->cellListBox->value = nil
\a cdsLibManager->viewLineEdit->value = ""
\a cdsLibManager->viewListBox->value = nil
\a cdsLibManager->libListBox->value = "level_fsm_schematic"
\a cdsLibManager->libLineEdit->value = "level_fsm_schematic"
\a cdsLibManager->libListBox->value = "level_fsm_pnr"
\a cdsLibManager->libLineEdit->value = "level_fsm_pnr"
\a cdsLibManager->libListBox->value = "level_fsm_schematic"
\a cdsLibManager->libLineEdit->value = "level_fsm_schematic"
\a cdsLibManager->libListBox->value = "level_fsm_pnr"
\a cdsLibManager->libLineEdit->value = "level_fsm_pnr"
\a cdsLibManager->libListBox->value = "level_fsm_schematic"
\a cdsLibManager->libLineEdit->value = "level_fsm_schematic"
\a lmgrLogShowPopup("mainListPopup1" 86 75 2 "")
\a cdsLibManager->FileNewCVButton->value = t
\a nrSetCurrentWindow(cdsLibManager)
\a cdsLibManager->cellListBox->value = "level_fsm_block_tb"
\a cdsLibManager->cellLineEdit->value = "level_fsm_block_tb"
\a cdsLibManager->viewListBox->value = "schematic"
\a cdsLibManager->viewLineEdit->value = "schematic"
\a cdsLibManager->viewLineEdit->value = ""
\a cdsLibManager->viewListBox->value = nil
\o MPS request: edit design
\a nrListItemAction(cdsLibManager->cellListBox 2 0)
\a nrSetCurrentWindow(cdsLibManager)
\a cdsLibManager->viewListBox->value = "schematic"
\a cdsLibManager->viewLineEdit->value = "schematic"
\o MPS request: edit design
\a nrListItemAction(cdsLibManager->gdmXTView 0 1)
\a nrSetCurrentWindow(cdsLibManager)
\a cdsLibManager->libListBox->value = nil
\a cdsLibManager->libLineEdit->value = ""
\a cdsLibManager->cellListBox->value = nil
\a cdsLibManager->viewLineEdit->value = ""
\a cdsLibManager->viewListBox->value = nil
\a cdsLibManager->cellLineEdit->value = ""
\a cdsLibManager->libListBox->value = "level_fsm_schematic"
\a cdsLibManager->libLineEdit->value = "level_fsm_schematic"
\a cdsLibManager->cellListBox->value = "level_fsm_block_tb"
\a cdsLibManager->cellLineEdit->value = "level_fsm_block_tb"
\a cdsLibManager->viewListBox->value = "schematic"
\a cdsLibManager->viewLineEdit->value = "schematic"
\a cdsLibManager->viewLineEdit->value = ""
\a cdsLibManager->viewListBox->value = nil
\a cdsLibManager->viewListBox->value = "schematic"
\a cdsLibManager->viewLineEdit->value = "schematic"
\a cdsLibManager->libListBox->value = nil
\a cdsLibManager->libLineEdit->value = ""
\a cdsLibManager->cellListBox->value = nil
\a cdsLibManager->viewLineEdit->value = ""
\a cdsLibManager->viewListBox->value = nil
\a cdsLibManager->cellLineEdit->value = ""
\a cdsLibManager->libListBox->value = "level_fsm_schematic"
\a cdsLibManager->libLineEdit->value = "level_fsm_schematic"
\a cdsLibManager->cellListBox->value = "level_fsm_block_tb"
\a cdsLibManager->cellLineEdit->value = "level_fsm_block_tb"
\a cdsLibManager->viewListBox->value = "schematic"
\a cdsLibManager->viewLineEdit->value = "schematic"
\a cdsLibManager->viewLineEdit->value = ""
\a cdsLibManager->viewListBox->value = nil
\a cdsLibManager->viewListBox->value = "schematic"
\a cdsLibManager->viewLineEdit->value = "schematic"
\a nrSetCurrentWindow(cdsLibManager)
\a cdsLibManager->cellListBox->value = "level_fsm_block"
\a cdsLibManager->cellLineEdit->value = "level_fsm_block"
\a cdsLibManager->viewLineEdit->value = ""
\a cdsLibManager->viewListBox->value = nil
\a cdsLibManager->viewListBox->value = "symbol"
\a cdsLibManager->viewLineEdit->value = "symbol"
\a cdsLibManager->cellListBox->value = "level_fsm"
\a cdsLibManager->cellLineEdit->value = "level_fsm"
\a cdsLibManager->viewLineEdit->value = ""
\a cdsLibManager->viewListBox->value = nil
\a cdsLibManager->viewListBox->value = "symbol"
\a cdsLibManager->viewLineEdit->value = "symbol"
\a cdsLibManager->viewListBox->value = "schematic"
\a cdsLibManager->viewLineEdit->value = "schematic"
\o MPS request: edit design
\a nrListItemAction(cdsLibManager->gdmXTView 0 1)
\a nrSetCurrentWindow(cdsLibManager)
\a nrSetCurrentWindow(cdsLibManager)
\a nrSetCurrentWindow(cdsLibManager)
\a nrSetWindowVisibility(cdsLibManager "hide")
\a nrSetWindowVisibility(cdsLibManager "show")
\a nrSetCurrentWindow(cdsLibManager)
\a nrSetWindowVisibility(cdsLibManager "hide")
\a nrSetWindowVisibility(cdsLibManager "show")
\a nrSetCurrentWindow(cdsLibManager)
\a nrSetWindowVisibility(cdsLibManager "hide")
\a nrSetWindowVisibility(cdsLibManager "show")
\a nrSetCurrentWindow(cdsLibManager)
\a cdsLibManager->viewListBox->value = "symbol"
\a cdsLibManager->viewLineEdit->value = "symbol"
\o MPS request: edit design
\a nrListItemAction(cdsLibManager->gdmXTView 1 0)
\a nrSetCurrentWindow(cdsLibManager)
\a nrSetCurrentWindow(cdsLibManager)
\a nrSetCurrentWindow(cdsLibManager)
\a cdsLibManager->cellListBox->value = "level_fsm_block"
\a cdsLibManager->cellLineEdit->value = "level_fsm_block"
\a cdsLibManager->viewLineEdit->value = ""
\a cdsLibManager->viewListBox->value = nil
\a cdsLibManager->viewListBox->value = "symbol"
\a cdsLibManager->viewLineEdit->value = "symbol"
\a cdsLibManager->viewLineEdit->value = ""
\a cdsLibManager->viewListBox->value = nil
\a lmgrLogShowPopup("mainListPopup1" 78 30 2 "level_fsm_block")
\a lmgrLogShowPopup("mainListPopup1" 65 21 2 "level_fsm_block")
\a cdsLibManager->editDeleteButton->value = t
\a deleteForm->deleteFilterEdit->value = "*"
\a deleteForm->notDeleteFilterEdit->value = "*"
\a nrSetWindowVisibility(deleteForm "show")
\a nrSetCurrentWindow(deleteForm)
\a nrResizeWindow(deleteForm list(788 469 627 425))
\a deleteForm->notDeleteListBox->value = '("level_fsm_block_tb" )
\a deleteForm->moveToDeleteButton->value = t
\a nrSetCurrentWindow(deleteForm)
\a nrResizeWindow(deleteForm list(878 652 627 425))
\a deleteForm->OK->value = t
\o QUESTION (CLM-199): The following 2 items are marked for deletion.  Are you sure?
\a nrSetWindowVisibility(mcMBXDLG "show")
\a nrSetCurrentWindow(mcMBXDLG)
\a nrResizeWindow(mcMBXDLG list(1039 790 268 91))
\a mcMBXDLG->pushButton1->value = t
\o Deleting 2 cells from library "level_fsm_schematic".
\a nrSetWindowVisibility(workingDialogForm "show")
\o Deleting cell "level_fsm_block".
\a nrSetCurrentWindow(deleteForm)
\a nrSetCurrentWindow(cdsLibManager)
\a nrSetCurrentWindow(workingDialogForm)
\a nrResizeWindow(workingDialogForm list(967 615 268 133))
\o Deleted cell 'level_fsm_schematic/level_fsm_block'.
\o Deleting cell "level_fsm_block_tb".
\a cdsLibManager->cellListBox->value = nil
\a cdsLibManager->cellLineEdit->value = ""
\o Deleted cell 'level_fsm_schematic/level_fsm_block_tb'.
\o Deletion of 2 cells done.
\a workingDialogForm->Close->value = t
\a nrSetCurrentWindow(cdsLibManager)
\a cdsLibManager->libListBox->value = nil
\a cdsLibManager->libLineEdit->value = ""
\a cdsLibManager->libListBox->value = "level_fsm_schematic"
\a cdsLibManager->libLineEdit->value = "level_fsm_schematic"
\a cdsLibManager->cellListBox->value = "level_fsm"
\a cdsLibManager->cellLineEdit->value = "level_fsm"
\a cdsLibManager->viewListBox->value = "symbol"
\a cdsLibManager->viewLineEdit->value = "symbol"
\a cdsLibManager->cellLineEdit->value = ""
\a cdsLibManager->viewLineEdit->value = ""
\a cdsLibManager->viewListBox->value = nil
\a cdsLibManager->cellListBox->value = nil
\a cdsLibManager->cellListBox->value = "level_fsm"
\a cdsLibManager->cellLineEdit->value = "level_fsm"
\a cdsLibManager->viewListBox->value = "symbol"
\a cdsLibManager->viewLineEdit->value = "symbol"
\a cdsLibManager->viewLineEdit->value = ""
\a cdsLibManager->viewListBox->value = nil
\a cdsLibManager->viewListBox->value = "symbol"
\a cdsLibManager->viewLineEdit->value = "symbol"
\a cdsLibManager->cellLineEdit->value = ""
\a cdsLibManager->cellListBox->value = nil
\a cdsLibManager->viewLineEdit->value = ""
\a cdsLibManager->viewListBox->value = nil
\a lmgrLogShowPopup("mainListPopup1" 127 51 2 "")
\a cdsLibManager->FileNewCVButton->value = t
\a nrSetCurrentWindow(cdsLibManager)
\a nrSetCurrentWindow(cdsLibManager)
\a nrSetCurrentWindow(cdsLibManager)
\a nrSetCurrentWindow(cdsLibManager)
\a nrSetWindowVisibility(cdsLibManager "hide")
\a nrSetWindowVisibility(cdsLibManager "show")
\a nrSetCurrentWindow(cdsLibManager)
\a nrSetWindowVisibility(cdsLibManager "hide")
\a cdsLibManager->libListBox->value = nil
\a cdsLibManager->libLineEdit->value = ""
\a cdsLibManager->libListBox->value = "level_fsm_schematic"
\a cdsLibManager->libLineEdit->value = "level_fsm_schematic"
